2022-11-24T03:37:11.6065852Z gpg: directory '/home/runner/.gnupg' created
2022-11-24T03:37:11.6071401Z gpg: keybox '/home/runner/.gnupg/pubring.kbx' created
2022-11-24T03:37:12.7520336Z gpg: /home/runner/.gnupg/trustdb.gpg: trustdb created
2022-11-24T03:37:12.7520934Z gpg: key 0A41BDC3F4FAFF1C: public key "Aaron Clauson (sipsorcery) <aaron@sipsorcery.com>" imported
2022-11-24T03:37:12.7859613Z gpg: Total number processed: 1
2022-11-24T03:37:12.7860768Z gpg:               imported: 1
2022-11-24T03:37:13.2414831Z gpg: key 4BB42E31C79111B8: public key "Akira Takizawa (Ethereum Social Official) <info@ethereumsocial.kr>" imported
2022-11-24T03:37:13.2423431Z gpg: Total number processed: 1
2022-11-24T03:37:13.2423889Z gpg:               imported: 1
2022-11-24T03:37:13.7134878Z gpg: key CA662BE18B877A60: 2 duplicate signatures removed
2022-11-24T03:37:13.7210779Z gpg: key CA662BE18B877A60: public key "Andreas Schildbach <andreas@schildbach.de>" imported
2022-11-24T03:37:13.7217726Z gpg: Total number processed: 1
2022-11-24T03:37:13.7218132Z gpg:               imported: 1
2022-11-24T03:37:14.4992926Z gpg: key 17565732E08E5E41: 1 duplicate signature removed
2022-11-24T03:37:14.5066260Z gpg: key 17565732E08E5E41: public key "Andrew Chow <andrew@achow101.com>" imported
2022-11-24T03:37:14.5075676Z gpg: Total number processed: 1
2022-11-24T03:37:14.5076339Z gpg:               imported: 1
2022-11-24T03:37:15.1225733Z gpg: key E13FC145CD3F4304: public key "Antoine Poinsot <darosior@protonmail.com>" imported
2022-11-24T03:37:15.1235909Z gpg: Total number processed: 1
2022-11-24T03:37:15.1236260Z gpg:               imported: 1
2022-11-24T03:37:15.5806825Z gpg: key D7CC770B81FD22A8: public key "Ben Carman <benthecarman@live.com>" imported
2022-11-24T03:37:15.5814443Z gpg: Total number processed: 1
2022-11-24T03:37:15.5815807Z gpg:               imported: 1
2022-11-24T03:37:16.0447597Z gpg: key D5566241A0295FA9: public key "BtcDrak <btcdrak@gmail.com>" imported
2022-11-24T03:37:16.0458938Z gpg: Total number processed: 1
2022-11-24T03:37:16.0459637Z gpg:               imported: 1
2022-11-24T03:37:16.5083044Z gpg: key F6430754120EC2F4: public key "Christian Decker (cdecker) <decker.christian@gmail.com>" imported
2022-11-24T03:37:16.5085632Z gpg: Total number processed: 1
2022-11-24T03:37:16.5086287Z gpg:               imported: 1
2022-11-24T03:37:16.9789168Z gpg: key 4B79F986CBDF8736: public key "Chun Kuan Lee(ken2812221) <ken2812221@gmail.com>" imported
2022-11-24T03:37:16.9799504Z gpg: Total number processed: 1
2022-11-24T03:37:16.9799826Z gpg:               imported: 1
2022-11-24T03:37:17.4341857Z gpg: key FF95FAA971697405: public key "centaur <centaur@phonebook.com>" imported
2022-11-24T03:37:17.4348774Z gpg: Total number processed: 1
2022-11-24T03:37:17.4349090Z gpg:               imported: 1
2022-11-24T03:37:17.8927917Z gpg: key 1C2491FFEB0EF770: public key "Cory Fields <cfields@bitcoinfoundation.org>" imported
2022-11-24T03:37:17.8948474Z gpg: Total number processed: 1
2022-11-24T03:37:17.8948866Z gpg:               imported: 1
2022-11-24T03:37:18.3539700Z gpg: key 989F6B3048A116B5: public key "Dev Random <c1.devrandom@niftybox.net>" imported
2022-11-24T03:37:18.3554377Z gpg: Total number processed: 1
2022-11-24T03:37:18.3554693Z gpg:               imported: 1
2022-11-24T03:37:18.8110926Z gpg: key 43811D1A26623924: public key "Douglas Roark <joroark@vt.edu>" imported
2022-11-24T03:37:18.8117809Z gpg: Total number processed: 1
2022-11-24T03:37:18.8118350Z gpg:               imported: 1
2022-11-24T03:37:19.2678639Z gpg: key 7F81D87985D61612: public key "Emanuele Cisbani (https://github.com/cisba) <emanuele.cisbani@gmail.com>" imported
2022-11-24T03:37:19.2685800Z gpg: Total number processed: 1
2022-11-24T03:37:19.2686110Z gpg:               imported: 1
2022-11-24T03:37:19.8852620Z gpg: key 2F40A9BF167FBA47: public key "Erik Mossberg (erkmos) <erik@etyd.org>" imported
2022-11-24T03:37:19.8863769Z gpg: Total number processed: 1
2022-11-24T03:37:19.8864080Z gpg:               imported: 1
2022-11-24T03:37:20.3566352Z gpg: key BF0792FBE95DC863: public key "fivepiece <flamingbutane@gmail.com>" imported
2022-11-24T03:37:20.3571582Z gpg: Total number processed: 1
2022-11-24T03:37:20.3572134Z gpg:               imported: 1
2022-11-24T03:37:20.9757214Z gpg: key 3BDCDA2D87A881D9: 4 duplicate signatures removed
2022-11-24T03:37:20.9821939Z gpg: key 3BDCDA2D87A881D9: public key "Fuzzbawls <fuzzbawls@fuzzbawls.pw>" imported
2022-11-24T03:37:20.9831102Z gpg: Total number processed: 1
2022-11-24T03:37:20.9831434Z gpg:               imported: 1
2022-11-24T03:37:21.7400635Z gpg: key 7588242FBE38D3A8: public key "Gavin Andresen <gavinandresen@gmail.com>" imported
2022-11-24T03:37:21.7416648Z gpg: Total number processed: 1
2022-11-24T03:37:21.7417108Z gpg:               imported: 1
2022-11-24T03:37:22.3494503Z gpg: key 410108112E7EA81F: public key "Hennadii Stepanov (GitHub key) <32963518+hebasto@users.noreply.github.com>" imported
2022-11-24T03:37:22.3501691Z gpg: Total number processed: 1
2022-11-24T03:37:22.3502577Z gpg:               imported: 1
2022-11-24T03:37:22.8098360Z gpg: key 2DA9C5A7FA81EA35: public key "Jarol Rodriguez <jarolrod@tutanota.com>" imported
2022-11-24T03:37:22.8106684Z gpg: Total number processed: 1
2022-11-24T03:37:22.8107217Z gpg:               imported: 1
2022-11-24T03:37:23.6590520Z gpg: key 535B12980BB8A4D3: 1 duplicate signature removed
2022-11-24T03:37:23.6623094Z gpg: key 535B12980BB8A4D3: public key "Jeffri H Frontz <jeff.frontz@gmail.com>" imported
2022-11-24T03:37:23.6633696Z gpg: Total number processed: 1
2022-11-24T03:37:23.6634002Z gpg:               imported: 1
2022-11-24T03:37:24.2930343Z gpg: key C5242A1AB3936517: public key "jl2012 <jl2012@xbt.hk>" imported
2022-11-24T03:37:24.2937883Z gpg: Total number processed: 1
2022-11-24T03:37:24.2938459Z gpg:               imported: 1
2022-11-24T03:37:24.7623851Z gpg: key 796C4109063D4EAF: public key "Jon Atack <jon@atack.com>" imported
2022-11-24T03:37:24.7631958Z gpg: Total number processed: 1
2022-11-24T03:37:24.7632770Z gpg:               imported: 1
2022-11-24T03:37:25.3789153Z gpg: key 29D4BCB6416F53EC: 1 duplicate signature removed
2022-11-24T03:37:25.3896850Z gpg: key 29D4BCB6416F53EC: public key "Jonas Schnelli <dev@jonasschnelli.ch>" imported
2022-11-24T03:37:25.3904917Z gpg: Total number processed: 1
2022-11-24T03:37:25.3905355Z gpg:               imported: 1
2022-11-24T03:37:26.0079442Z gpg: key 77DFAB5C3108B9A8: public key "Jorge Timon (offline) <jtimon@jtimon.cc>" imported
2022-11-24T03:37:26.0087690Z gpg: Total number processed: 1
2022-11-24T03:37:26.0088158Z gpg:               imported: 1
2022-11-24T03:37:26.6168214Z gpg: key 57AF762DB3353322: 1 duplicate signature removed
2022-11-24T03:37:26.6196957Z gpg: key 57AF762DB3353322: public key "Karl-Johan Alm <karljohan-alm@garage.co.jp>" imported
2022-11-24T03:37:26.6203906Z gpg: Total number processed: 1
2022-11-24T03:37:26.6204391Z gpg:               imported: 1
2022-11-24T03:37:27.0798543Z gpg: key BFF0F67810C1EED1: public key "Lisa Neigut <niftynei@gmail.com>" imported
2022-11-24T03:37:27.0817027Z gpg: Total number processed: 1
2022-11-24T03:37:27.0817354Z gpg:               imported: 1
2022-11-24T03:37:28.0983266Z gpg: key BD02942421F4889F: 17 duplicate signatures removed
2022-11-24T03:37:28.1420159Z gpg: key BD02942421F4889F: public key "Luke Dashjr <luke@dashjr.org>" imported
2022-11-24T03:37:28.1433142Z gpg: Total number processed: 1
2022-11-24T03:37:28.1433828Z gpg:               imported: 1
2022-11-24T03:37:28.9204981Z gpg: key 3648A882F4316B9B: 5 duplicate signatures removed
2022-11-24T03:37:28.9319925Z gpg: key 3648A882F4316B9B: public key "Marco Falke <marco.falke@tum.de>" imported
2022-11-24T03:37:28.9328309Z gpg: Total number processed: 1
2022-11-24T03:37:28.9328840Z gpg:               imported: 1
2022-11-24T03:37:29.7067850Z gpg: key 89BBB8663E2E65CE: 2 duplicate signatures removed
2022-11-24T03:37:29.7201860Z gpg: key 89BBB8663E2E65CE: public key "Matt Corallo (BlueMatt) <matt@mattcorallo.com>" imported
2022-11-24T03:37:29.7207686Z gpg: Total number processed: 1
2022-11-24T03:37:29.7209993Z gpg:               imported: 1
2022-11-24T03:37:30.3346310Z gpg: key D300116E1C875A3D: public key "MeshCollider <dobsonsa68@gmail.com>" imported
2022-11-24T03:37:30.3351832Z gpg: Total number processed: 1
2022-11-24T03:37:30.3352839Z gpg:               imported: 1
2022-11-24T03:37:30.9399983Z gpg: key 944D35F9AC3DB76A: 2 duplicate signatures removed
2022-11-24T03:37:30.9419106Z gpg: key 944D35F9AC3DB76A: public key "Michael Ford (bitcoin-otc) <fanquake@gmail.com>" imported
2022-11-24T03:37:30.9438757Z gpg: Total number processed: 1
2022-11-24T03:37:30.9439288Z gpg:               imported: 1
2022-11-24T03:37:31.4025834Z gpg: key 12335A271D4D62EC: public key "Michael Tidwell (miketwenty1) <tidwell@zebedee.io>" imported
2022-11-24T03:37:31.4041626Z gpg: Total number processed: 1
2022-11-24T03:37:31.4042068Z gpg:               imported: 1
2022-11-24T03:37:31.8631315Z gpg: key 82C5C009628ECF0C: public key "Michagogo <Michagogo@users.noreply.github.com>" imported
2022-11-24T03:37:31.8640894Z gpg: Total number processed: 1
2022-11-24T03:37:31.8641639Z gpg:               imported: 1
2022-11-24T03:37:32.3319553Z gpg: key 28DF2724F241D8EE: public key "midnightmagic" imported
2022-11-24T03:37:32.3329304Z gpg: Total number processed: 1
2022-11-24T03:37:32.3330055Z gpg:               imported: 1
2022-11-24T03:37:32.7939806Z gpg: key B34821D4944DE5F7: public key "Nils Schneider <nils.schneider@gmail.com>" imported
2022-11-24T03:37:32.7946698Z gpg: Total number processed: 1
2022-11-24T03:37:32.7948001Z gpg:               imported: 1
2022-11-24T03:37:33.4049327Z gpg: key 8E4256593F177720: 5 duplicate signatures removed
2022-11-24T03:37:33.4104241Z gpg: key 8E4256593F177720: public key "Oliver Gugger <gugger@gmail.com>" imported
2022-11-24T03:37:33.4115298Z gpg: Total number processed: 1
2022-11-24T03:37:33.4115735Z gpg:               imported: 1
2022-11-24T03:37:33.8719023Z gpg: key BCD04D8E9CCCAC2A: public key "Paul Rabahy <PRabahy@gmail.com>" imported
2022-11-24T03:37:33.8727119Z gpg: Total number processed: 1
2022-11-24T03:37:33.8727529Z gpg:               imported: 1
2022-11-24T03:37:34.8098850Z gpg: key 7FAB114267E4FA04: 22 duplicate signatures removed
2022-11-24T03:37:34.8164621Z gpg: key 7FAB114267E4FA04: public key "Peter Todd <pete@petertodd.org>" imported
2022-11-24T03:37:34.8173853Z gpg: Total number processed: 1
2022-11-24T03:37:34.8174203Z gpg:               imported: 1
2022-11-24T03:37:35.7723798Z gpg: key B9A408E71DAAC974: public key "Pieter Wuille (Location: Leuven, Belgium) <pieter.wuille@gmail.com>" imported
2022-11-24T03:37:35.7733895Z gpg: Total number processed: 1
2022-11-24T03:37:35.7734402Z gpg:               imported: 1
2022-11-24T03:37:36.5496293Z gpg: key 860FEB804E669320: 2 duplicate signatures removed
2022-11-24T03:37:36.5558670Z gpg: key 860FEB804E669320: public key "Pieter Wuille <pieter@wuille.net>" imported
2022-11-24T03:37:36.5571307Z gpg: Total number processed: 1
2022-11-24T03:37:36.5571675Z gpg:               imported: 1
2022-11-24T03:37:37.0241528Z gpg: key C2371D91CB716EA7: public key "Sebastian Falbesoner (theStack) <sebastian.falbesoner@gmail.com>" imported
2022-11-24T03:37:37.0254807Z gpg: Total number processed: 1
2022-11-24T03:37:37.0255767Z gpg:               imported: 1
2022-11-24T03:37:37.6364318Z gpg: key 9303B33A305224CB: 1 duplicate signature removed
2022-11-24T03:37:37.6406705Z gpg: key 9303B33A305224CB: public key "Sebastian Kung (TheCharlatan) <seb.kung@gmail.com>" imported
2022-11-24T03:37:37.6416553Z gpg: Total number processed: 1
2022-11-24T03:37:37.6417720Z gpg:               imported: 1
2022-11-24T03:37:38.2501872Z gpg: key 57FF9BDBCC301009: 3 duplicate signatures removed
2022-11-24T03:37:38.2542708Z gpg: key 57FF9BDBCC301009: public key "Sjors Provoost <sjors@sprovoost.nl>" imported
2022-11-24T03:37:38.2552449Z gpg: Total number processed: 1
2022-11-24T03:37:38.2553301Z gpg:               imported: 1
2022-11-24T03:37:38.8864112Z gpg: key B6737117397F5C4F: public key "Stephan Oeste <stephan@oeste.de>" imported
2022-11-24T03:37:38.8873130Z gpg: Total number processed: 1
2022-11-24T03:37:38.8873780Z gpg:               imported: 1
2022-11-24T03:37:39.5084099Z gpg: key 2EBB056FD847F8A7: public key "Stephan Oeste (it) <it@oeste.de>" imported
2022-11-24T03:37:39.5092821Z gpg: Total number processed: 1
2022-11-24T03:37:39.5093447Z gpg:               imported: 1
2022-11-24T03:37:39.9670634Z gpg: key 8C275BC595448867: public key "Tomas Kanocz <tomas.kanocz@cnl.sk>" imported
2022-11-24T03:37:39.9680862Z gpg: Total number processed: 1
2022-11-24T03:37:39.9681360Z gpg:               imported: 1
2022-11-24T03:37:40.5796540Z gpg: key B1179EB7347DC10D: public key "Warren Togami (2013) <wtogami@gmail.com>" imported
2022-11-24T03:37:40.5802665Z gpg: Total number processed: 1
2022-11-24T03:37:40.5803100Z gpg:               imported: 1
2022-11-24T03:37:41.0424106Z gpg: key 8E3A8F3247DBCBBF: public key "Willy Ko <willyk@syscoin.org>" imported
2022-11-24T03:37:41.0432713Z gpg: Total number processed: 1
2022-11-24T03:37:41.0433221Z gpg:               imported: 1
2022-11-24T03:37:41.0477489Z gpg: sending key 0A41BDC3F4FAFF1C to hkp://keys.openpgp.org
2022-11-24T03:37:42.9493749Z gpg: sending key 4BB42E31C79111B8 to hkp://keys.openpgp.org
2022-11-24T03:37:44.0437053Z gpg: sending key CA662BE18B877A60 to hkp://keys.openpgp.org
2022-11-24T03:37:45.1606872Z gpg: sending key 17565732E08E5E41 to hkp://keys.openpgp.org
2022-11-24T03:37:46.2846505Z gpg: sending key E13FC145CD3F4304 to hkp://keys.openpgp.org
2022-11-24T03:37:47.3960036Z gpg: sending key D7CC770B81FD22A8 to hkp://keys.openpgp.org
2022-11-24T03:37:48.4852823Z gpg: sending key D5566241A0295FA9 to hkp://keys.openpgp.org
2022-11-24T03:37:49.5967073Z gpg: sending key F6430754120EC2F4 to hkp://keys.openpgp.org
2022-11-24T03:37:50.6886760Z gpg: sending key 4B79F986CBDF8736 to hkp://keys.openpgp.org
2022-11-24T03:37:52.0286701Z gpg: sending key FF95FAA971697405 to hkp://keys.openpgp.org
2022-11-24T03:37:53.1367341Z gpg: sending key 1C2491FFEB0EF770 to hkp://keys.openpgp.org
2022-11-24T03:37:54.2247381Z gpg: sending key 989F6B3048A116B5 to hkp://keys.openpgp.org
2022-11-24T03:37:55.3127472Z gpg: sending key 43811D1A26623924 to hkp://keys.openpgp.org
2022-11-24T03:37:56.4007212Z gpg: sending key 7F81D87985D61612 to hkp://keys.openpgp.org
2022-11-24T03:37:57.4854045Z gpg: sending key 2F40A9BF167FBA47 to hkp://keys.openpgp.org
2022-11-24T03:37:58.6088092Z gpg: sending key BF0792FBE95DC863 to hkp://keys.openpgp.org
2022-11-24T03:37:59.7047982Z gpg: sending key 3BDCDA2D87A881D9 to hkp://keys.openpgp.org
2022-11-24T03:38:00.8248246Z gpg: sending key 7588242FBE38D3A8 to hkp://keys.openpgp.org
2022-11-24T03:38:01.9250029Z gpg: sending key 410108112E7EA81F to hkp://keys.openpgp.org
2022-11-24T03:38:03.0207605Z gpg: sending key 2DA9C5A7FA81EA35 to hkp://keys.openpgp.org
2022-11-24T03:38:04.1194361Z gpg: sending key 535B12980BB8A4D3 to hkp://keys.openpgp.org
2022-11-24T03:38:05.2277732Z gpg: sending key C5242A1AB3936517 to hkp://keys.openpgp.org
2022-11-24T03:38:06.3377584Z gpg: sending key 796C4109063D4EAF to hkp://keys.openpgp.org
2022-11-24T03:38:07.4560297Z gpg: sending key 29D4BCB6416F53EC to hkp://keys.openpgp.org
2022-11-24T03:38:08.5742377Z gpg: sending key 77DFAB5C3108B9A8 to hkp://keys.openpgp.org
2022-11-24T03:38:09.6733507Z gpg: sending key 57AF762DB3353322 to hkp://keys.openpgp.org
2022-11-24T03:38:10.7808266Z gpg: sending key BFF0F67810C1EED1 to hkp://keys.openpgp.org
2022-11-24T03:38:11.8722446Z gpg: sending key BD02942421F4889F to hkp://keys.openpgp.org
2022-11-24T03:38:13.2501714Z gpg: sending key 3648A882F4316B9B to hkp://keys.openpgp.org
2022-11-24T03:38:14.3915498Z gpg: sending key 89BBB8663E2E65CE to hkp://keys.openpgp.org
2022-11-24T03:38:15.5286284Z gpg: sending key D300116E1C875A3D to hkp://keys.openpgp.org
2022-11-24T03:38:16.6162541Z gpg: sending key 944D35F9AC3DB76A to hkp://keys.openpgp.org
2022-11-24T03:38:17.7086322Z gpg: sending key 12335A271D4D62EC to hkp://keys.openpgp.org
2022-11-24T03:38:18.8007363Z gpg: sending key 82C5C009628ECF0C to hkp://keys.openpgp.org
2022-11-24T03:38:19.8917653Z gpg: sending key 28DF2724F241D8EE to hkp://keys.openpgp.org
2022-11-24T03:38:20.9929625Z gpg: sending key B34821D4944DE5F7 to hkp://keys.openpgp.org
2022-11-24T03:38:22.0885841Z gpg: sending key 8E4256593F177720 to hkp://keys.openpgp.org
2022-11-24T03:38:23.1945332Z gpg: sending key BCD04D8E9CCCAC2A to hkp://keys.openpgp.org
2022-11-24T03:38:24.2906572Z gpg: sending key 7FAB114267E4FA04 to hkp://keys.openpgp.org
2022-11-24T03:38:25.5708128Z gpg: sending key B9A408E71DAAC974 to hkp://keys.openpgp.org
2022-11-24T03:38:26.7104735Z gpg: sending key 860FEB804E669320 to hkp://keys.openpgp.org
2022-11-24T03:38:27.8332713Z gpg: sending key C2371D91CB716EA7 to hkp://keys.openpgp.org
2022-11-24T03:38:28.9225806Z gpg: sending key 9303B33A305224CB to hkp://keys.openpgp.org
2022-11-24T03:38:30.0242918Z gpg: sending key 57FF9BDBCC301009 to hkp://keys.openpgp.org
2022-11-24T03:38:31.1243985Z gpg: sending key B6737117397F5C4F to hkp://keys.openpgp.org
2022-11-24T03:38:32.2332521Z gpg: sending key 2EBB056FD847F8A7 to hkp://keys.openpgp.org
2022-11-24T03:38:33.3471478Z gpg: sending key 8C275BC595448867 to hkp://keys.openpgp.org
2022-11-24T03:38:34.4373503Z gpg: sending key B1179EB7347DC10D to hkp://keys.openpgp.org
2022-11-24T03:38:35.5316137Z gpg: sending key 8E3A8F3247DBCBBF to hkp://keys.openpgp.org
2022-11-24T03:38:36.6238191Z gpg: sending key 0A41BDC3F4FAFF1C to hkp://pgp.mit.edu
2022-11-24T03:38:47.5973746Z gpg: sending key 4BB42E31C79111B8 to hkp://pgp.mit.edu
2022-11-24T03:38:47.9262591Z gpg: sending key CA662BE18B877A60 to hkp://pgp.mit.edu
2022-11-24T03:38:48.3513203Z gpg: sending key 17565732E08E5E41 to hkp://pgp.mit.edu
2022-11-24T03:38:48.7673264Z gpg: sending key E13FC145CD3F4304 to hkp://pgp.mit.edu
2022-11-24T03:38:49.0926660Z gpg: sending key D7CC770B81FD22A8 to hkp://pgp.mit.edu
2022-11-24T03:38:49.4174928Z gpg: sending key D5566241A0295FA9 to hkp://pgp.mit.edu
2022-11-24T03:38:49.7941497Z gpg: sending key F6430754120EC2F4 to hkp://pgp.mit.edu
2022-11-24T03:38:50.1089366Z gpg: sending key 4B79F986CBDF8736 to hkp://pgp.mit.edu
2022-11-24T03:38:50.4240285Z gpg: sending key FF95FAA971697405 to hkp://pgp.mit.edu
2022-11-24T03:38:50.7486970Z gpg: sending key 1C2491FFEB0EF770 to hkp://pgp.mit.edu
2022-11-24T03:38:51.0606412Z gpg: sending key 989F6B3048A116B5 to hkp://pgp.mit.edu
2022-11-24T03:38:51.3806842Z gpg: sending key 43811D1A26623924 to hkp://pgp.mit.edu
2022-11-24T03:38:51.6909761Z gpg: sending key 7F81D87985D61612 to hkp://pgp.mit.edu
2022-11-24T03:38:52.0051654Z gpg: sending key 2F40A9BF167FBA47 to hkp://pgp.mit.edu
2022-11-24T03:38:52.4329659Z gpg: sending key BF0792FBE95DC863 to hkp://pgp.mit.edu
2022-11-24T03:38:52.7606956Z gpg: sending key 3BDCDA2D87A881D9 to hkp://pgp.mit.edu
2022-11-24T03:38:53.1868887Z gpg: sending key 7588242FBE38D3A8 to hkp://pgp.mit.edu
2022-11-24T03:38:53.5023310Z gpg: sending key 410108112E7EA81F to hkp://pgp.mit.edu
2022-11-24T03:38:53.8161677Z gpg: sending key 2DA9C5A7FA81EA35 to hkp://pgp.mit.edu
2022-11-24T03:38:54.1363312Z gpg: sending key 535B12980BB8A4D3 to hkp://pgp.mit.edu
2022-11-24T03:38:54.5564032Z gpg: sending key C5242A1AB3936517 to hkp://pgp.mit.edu
2022-11-24T03:38:54.9774794Z gpg: sending key 796C4109063D4EAF to hkp://pgp.mit.edu
2022-11-24T03:38:55.2991979Z gpg: sending key 29D4BCB6416F53EC to hkp://pgp.mit.edu
2022-11-24T03:38:55.6389535Z gpg: sending key 77DFAB5C3108B9A8 to hkp://pgp.mit.edu
2022-11-24T03:38:56.0726764Z gpg: sending key 57AF762DB3353322 to hkp://pgp.mit.edu
2022-11-24T03:38:56.3860593Z gpg: sending key BFF0F67810C1EED1 to hkp://pgp.mit.edu
2022-11-24T03:38:56.6987739Z gpg: sending key BD02942421F4889F to hkp://pgp.mit.edu
2022-11-24T03:38:57.1475665Z gpg: sending key 3648A882F4316B9B to hkp://pgp.mit.edu
2022-11-24T03:38:57.5707533Z gpg: sending key 89BBB8663E2E65CE to hkp://pgp.mit.edu
2022-11-24T03:38:57.9924195Z gpg: sending key D300116E1C875A3D to hkp://pgp.mit.edu
2022-11-24T03:38:58.3012237Z gpg: sending key 944D35F9AC3DB76A to hkp://pgp.mit.edu
2022-11-24T03:38:58.6112759Z gpg: sending key 12335A271D4D62EC to hkp://pgp.mit.edu
2022-11-24T03:38:58.9225446Z gpg: sending key 82C5C009628ECF0C to hkp://pgp.mit.edu
2022-11-24T03:38:59.2401535Z gpg: sending key 28DF2724F241D8EE to hkp://pgp.mit.edu
2022-11-24T03:38:59.5701454Z gpg: sending key B34821D4944DE5F7 to hkp://pgp.mit.edu
2022-11-24T03:38:59.8890067Z gpg: sending key 8E4256593F177720 to hkp://pgp.mit.edu
2022-11-24T03:39:00.3191131Z gpg: sending key BCD04D8E9CCCAC2A to hkp://pgp.mit.edu
2022-11-24T03:39:00.6490838Z gpg: sending key 7FAB114267E4FA04 to hkp://pgp.mit.edu
2022-11-24T03:39:01.0852642Z gpg: sending key B9A408E71DAAC974 to hkp://pgp.mit.edu
2022-11-24T03:39:01.5252568Z gpg: sending key 860FEB804E669320 to hkp://pgp.mit.edu
2022-11-24T03:39:01.9530912Z gpg: sending key C2371D91CB716EA7 to hkp://pgp.mit.edu
2022-11-24T03:39:02.2820589Z gpg: sending key 9303B33A305224CB to hkp://pgp.mit.edu
2022-11-24T03:39:02.6131556Z gpg: sending key 57FF9BDBCC301009 to hkp://pgp.mit.edu
2022-11-24T03:39:02.9252237Z gpg: sending key B6737117397F5C4F to hkp://pgp.mit.edu
2022-11-24T03:39:03.2454292Z gpg: sending key 2EBB056FD847F8A7 to hkp://pgp.mit.edu
2022-11-24T03:39:03.5724253Z gpg: sending key 8C275BC595448867 to hkp://pgp.mit.edu
2022-11-24T03:39:03.8987577Z gpg: sending key B1179EB7347DC10D to hkp://pgp.mit.edu
2022-11-24T03:39:04.2142887Z gpg: sending key 8E3A8F3247DBCBBF to hkp://pgp.mit.edu
2022-11-24T03:39:05.8737101Z gpg: key 0A41BDC3F4FAFF1C: "Aaron Clauson (sipsorcery) <aaron@sipsorcery.com>" not changed
2022-11-24T03:39:05.8738373Z gpg: Total number processed: 1
2022-11-24T03:39:05.8739392Z gpg:              unchanged: 1
2022-11-24T03:39:07.2210671Z gpg: key 4BB42E31C79111B8: "Akira Takizawa (Ethereum Social Official) <info@ethereumsocial.kr>" not changed
2022-11-24T03:39:07.2211600Z gpg: Total number processed: 1
2022-11-24T03:39:07.2212210Z gpg:              unchanged: 1
2022-11-24T03:39:08.5671178Z gpg: key CA662BE18B877A60: "Andreas Schildbach <andreas@schildbach.de>" not changed
2022-11-24T03:39:08.5671986Z gpg: Total number processed: 1
2022-11-24T03:39:08.5672531Z gpg:              unchanged: 1
2022-11-24T03:39:10.0052385Z gpg: key 17565732E08E5E41: "Andrew Chow <andrew@achow101.com>" not changed
2022-11-24T03:39:10.0052838Z gpg: Total number processed: 1
2022-11-24T03:39:10.0053381Z gpg:              unchanged: 1
2022-11-24T03:39:11.3513620Z gpg: key E13FC145CD3F4304: "Antoine Poinsot <darosior@protonmail.com>" not changed
2022-11-24T03:39:11.3514888Z gpg: Total number processed: 1
2022-11-24T03:39:11.3565485Z gpg:              unchanged: 1
2022-11-24T03:39:12.6942452Z gpg: key D7CC770B81FD22A8: "Ben Carman <benthecarman@live.com>" not changed
2022-11-24T03:39:12.6943480Z gpg: Total number processed: 1
2022-11-24T03:39:12.6944547Z gpg:              unchanged: 1
2022-11-24T03:39:14.0530620Z gpg: key D5566241A0295FA9: "BtcDrak <btcdrak@gmail.com>" not changed
2022-11-24T03:39:14.0531427Z gpg: Total number processed: 1
2022-11-24T03:39:14.0532832Z gpg:              unchanged: 1
2022-11-24T03:39:15.3920540Z gpg: key F6430754120EC2F4: "Christian Decker (cdecker) <decker.christian@gmail.com>" not changed
2022-11-24T03:39:15.3921207Z gpg: Total number processed: 1
2022-11-24T03:39:15.3921599Z gpg:              unchanged: 1
2022-11-24T03:39:16.7488907Z gpg: key 4B79F986CBDF8736: "Chun Kuan Lee(ken2812221) <ken2812221@gmail.com>" not changed
2022-11-24T03:39:16.7489331Z gpg: Total number processed: 1
2022-11-24T03:39:16.7489599Z gpg:              unchanged: 1
2022-11-24T03:39:18.0963969Z gpg: key FF95FAA971697405: "centaur <centaur@phonebook.com>" not changed
2022-11-24T03:39:18.0964686Z gpg: Total number processed: 1
2022-11-24T03:39:18.0965182Z gpg:              unchanged: 1
2022-11-24T03:39:19.4361496Z gpg: key 1C2491FFEB0EF770: "Cory Fields <cfields@bitcoinfoundation.org>" not changed
2022-11-24T03:39:19.4362574Z gpg: Total number processed: 1
2022-11-24T03:39:19.4363220Z gpg:              unchanged: 1
2022-11-24T03:39:20.7742087Z gpg: key 989F6B3048A116B5: "Dev Random <c1.devrandom@niftybox.net>" not changed
2022-11-24T03:39:20.7742532Z gpg: Total number processed: 1
2022-11-24T03:39:20.7742819Z gpg:              unchanged: 1
2022-11-24T03:39:22.1114295Z gpg: key 43811D1A26623924: "Douglas Roark <joroark@vt.edu>" not changed
2022-11-24T03:39:22.1116073Z gpg: Total number processed: 1
2022-11-24T03:39:22.1116366Z gpg:              unchanged: 1
2022-11-24T03:39:23.4507024Z gpg: key 7F81D87985D61612: "Emanuele Cisbani (https://github.com/cisba) <emanuele.cisbani@gmail.com>" not changed
2022-11-24T03:39:23.4508334Z gpg: Total number processed: 1
2022-11-24T03:39:23.4509003Z gpg:              unchanged: 1
2022-11-24T03:39:24.8083116Z gpg: key 2F40A9BF167FBA47: "Erik Mossberg (erkmos) <erik@etyd.org>" 2 new signatures
2022-11-24T03:39:24.8097177Z gpg: Total number processed: 1
2022-11-24T03:39:24.8097495Z gpg:         new signatures: 2
2022-11-24T03:39:26.1475439Z gpg: key BF0792FBE95DC863: "fivepiece <flamingbutane@gmail.com>" not changed
2022-11-24T03:39:26.1476634Z gpg: Total number processed: 1
2022-11-24T03:39:26.1479318Z gpg:              unchanged: 1
2022-11-24T03:39:27.4907034Z gpg: key 3BDCDA2D87A881D9: "Fuzzbawls <fuzzbawls@fuzzbawls.pw>" not changed
2022-11-24T03:39:27.4907456Z gpg: Total number processed: 1
2022-11-24T03:39:27.4910574Z gpg:              unchanged: 1
2022-11-24T03:39:28.8328454Z gpg: key 7588242FBE38D3A8: "Gavin Andresen <gavinandresen@gmail.com>" not changed
2022-11-24T03:39:28.8329822Z gpg: Total number processed: 1
2022-11-24T03:39:28.8330464Z gpg:              unchanged: 1
2022-11-24T03:39:30.1711349Z gpg: key 410108112E7EA81F: "Hennadii Stepanov (GitHub key) <32963518+hebasto@users.noreply.github.com>" not changed
2022-11-24T03:39:30.1712059Z gpg: Total number processed: 1
2022-11-24T03:39:30.1712444Z gpg:              unchanged: 1
2022-11-24T03:39:31.5116236Z gpg: key 2DA9C5A7FA81EA35: "Jarol Rodriguez <jarolrod@tutanota.com>" not changed
2022-11-24T03:39:31.5116715Z gpg: Total number processed: 1
2022-11-24T03:39:31.5117000Z gpg:              unchanged: 1
2022-11-24T03:39:32.8613923Z gpg: key 535B12980BB8A4D3: "Jeffri H Frontz <jeff.frontz@gmail.com>" not changed
2022-11-24T03:39:32.8615250Z gpg: Total number processed: 1
2022-11-24T03:39:32.8616001Z gpg:              unchanged: 1
2022-11-24T03:39:34.3019340Z gpg: key C5242A1AB3936517: "jl2012 <jl2012@xbt.hk>" not changed
2022-11-24T03:39:34.3020206Z gpg: Total number processed: 1
2022-11-24T03:39:34.3022649Z gpg:              unchanged: 1
2022-11-24T03:39:35.6621344Z gpg: key 796C4109063D4EAF: "Jon Atack <jon@atack.com>" not changed
2022-11-24T03:39:35.6622288Z gpg: Total number processed: 1
2022-11-24T03:39:35.6623851Z gpg:              unchanged: 1
2022-11-24T03:39:37.0118840Z gpg: key 29D4BCB6416F53EC: "Jonas Schnelli <dev@jonasschnelli.ch>" not changed
2022-11-24T03:39:37.0119689Z gpg: Total number processed: 1
2022-11-24T03:39:37.0122016Z gpg:              unchanged: 1
2022-11-24T03:39:38.3530855Z gpg: key 77DFAB5C3108B9A8: "Jorge Timon (offline) <jtimon@jtimon.cc>" not changed
2022-11-24T03:39:38.3531695Z gpg: Total number processed: 1
2022-11-24T03:39:38.3578231Z gpg:              unchanged: 1
2022-11-24T03:39:39.6988521Z gpg: key 57AF762DB3353322: "Karl-Johan Alm <karljohan-alm@garage.co.jp>" not changed
2022-11-24T03:39:39.6989420Z gpg: Total number processed: 1
2022-11-24T03:39:39.6989988Z gpg:              unchanged: 1
2022-11-24T03:39:41.0397293Z gpg: key BFF0F67810C1EED1: "Lisa Neigut <niftynei@gmail.com>" not changed
2022-11-24T03:39:41.0397703Z gpg: Total number processed: 1
2022-11-24T03:39:41.0397974Z gpg:              unchanged: 1
2022-11-24T03:39:42.7036099Z gpg: key BD02942421F4889F: "Luke Dashjr <luke@dashjr.org>" not changed
2022-11-24T03:39:42.7037426Z gpg: Total number processed: 1
2022-11-24T03:39:42.7045847Z gpg:              unchanged: 1
2022-11-24T03:39:44.3059439Z gpg: key 3648A882F4316B9B: "Marco Falke <marco.falke@tum.de>" not changed
2022-11-24T03:39:44.3059883Z gpg: Total number processed: 1
2022-11-24T03:39:44.3060173Z gpg:              unchanged: 1
2022-11-24T03:39:45.7697252Z gpg: key 89BBB8663E2E65CE: "Matt Corallo (BlueMatt) <matt@mattcorallo.com>" 6 new signatures
2022-11-24T03:39:45.7705847Z gpg: Total number processed: 1
2022-11-24T03:39:45.7706170Z gpg:         new signatures: 6
2022-11-24T03:39:47.1101131Z gpg: key D300116E1C875A3D: "MeshCollider <dobsonsa68@gmail.com>" not changed
2022-11-24T03:39:47.1102111Z gpg: Total number processed: 1
2022-11-24T03:39:47.1103325Z gpg:              unchanged: 1
2022-11-24T03:39:48.4541699Z gpg: key 944D35F9AC3DB76A: "Michael Ford (bitcoin-otc) <fanquake@gmail.com>" not changed
2022-11-24T03:39:48.4543002Z gpg: Total number processed: 1
2022-11-24T03:39:48.4543550Z gpg:              unchanged: 1
2022-11-24T03:39:49.7926003Z gpg: key 12335A271D4D62EC: "Michael Tidwell (miketwenty1) <tidwell@zebedee.io>" not changed
2022-11-24T03:39:49.7927122Z gpg: Total number processed: 1
2022-11-24T03:39:49.7927482Z gpg:              unchanged: 1
2022-11-24T03:39:51.1375855Z gpg: key 82C5C009628ECF0C: "Michagogo <Michagogo@users.noreply.github.com>" not changed
2022-11-24T03:39:51.1376308Z gpg: Total number processed: 1
2022-11-24T03:39:51.1376598Z gpg:              unchanged: 1
2022-11-24T03:39:52.4751937Z gpg: key 28DF2724F241D8EE: "midnightmagic" not changed
2022-11-24T03:39:52.4753193Z gpg: Total number processed: 1
2022-11-24T03:39:52.4753993Z gpg:              unchanged: 1
2022-11-24T03:39:53.8175156Z gpg: key B34821D4944DE5F7: "Nils Schneider <nils.schneider@gmail.com>" not changed
2022-11-24T03:39:53.8175576Z gpg: Total number processed: 1
2022-11-24T03:39:53.8175866Z gpg:              unchanged: 1
2022-11-24T03:39:55.2530235Z gpg: key 8E4256593F177720: "Oliver Gugger <gugger@gmail.com>" not changed
2022-11-24T03:39:55.2530626Z gpg: Total number processed: 1
2022-11-24T03:39:55.2530916Z gpg:              unchanged: 1
2022-11-24T03:39:56.5943231Z gpg: key BCD04D8E9CCCAC2A: "Paul Rabahy <PRabahy@gmail.com>" not changed
2022-11-24T03:39:56.5943985Z gpg: Total number processed: 1
2022-11-24T03:39:56.5944754Z gpg:              unchanged: 1
2022-11-24T03:39:58.0350412Z gpg: key 7FAB114267E4FA04: "Peter Todd <pete@petertodd.org>" not changed
2022-11-24T03:39:58.0351126Z gpg: Total number processed: 1
2022-11-24T03:39:58.0351603Z gpg:              unchanged: 1
2022-11-24T03:39:59.3848298Z gpg: key B9A408E71DAAC974: "Pieter Wuille (Location: Leuven, Belgium) <pieter.wuille@gmail.com>" not changed
2022-11-24T03:39:59.3849550Z gpg: Total number processed: 1
2022-11-24T03:39:59.3849874Z gpg:              unchanged: 1
2022-11-24T03:40:00.8290556Z gpg: key 860FEB804E669320: "Pieter Wuille <pieter@wuille.net>" 2 new signatures
2022-11-24T03:40:00.8297966Z gpg: Total number processed: 1
2022-11-24T03:40:00.8298432Z gpg:         new signatures: 2
2022-11-24T03:40:02.1709943Z gpg: key C2371D91CB716EA7: "Sebastian Falbesoner (theStack) <sebastian.falbesoner@gmail.com>" not changed
2022-11-24T03:40:02.1711196Z gpg: Total number processed: 1
2022-11-24T03:40:02.1713555Z gpg:              unchanged: 1
2022-11-24T03:40:03.5246428Z gpg: key 9303B33A305224CB: "Sebastian Kung (TheCharlatan) <seb.kung@gmail.com>" not changed
2022-11-24T03:40:03.5248191Z gpg: Total number processed: 1
2022-11-24T03:40:03.5250525Z gpg:              unchanged: 1
2022-11-24T03:40:04.8685944Z gpg: key 57FF9BDBCC301009: "Sjors Provoost <sjors@sprovoost.nl>" not changed
2022-11-24T03:40:04.8687195Z gpg: Total number processed: 1
2022-11-24T03:40:04.8734013Z gpg:              unchanged: 1
2022-11-24T03:40:06.2113289Z gpg: key B6737117397F5C4F: "Stephan Oeste <stephan@oeste.de>" not changed
2022-11-24T03:40:06.2114305Z gpg: Total number processed: 1
2022-11-24T03:40:06.2115560Z gpg:              unchanged: 1
2022-11-24T03:40:07.5558905Z gpg: key 2EBB056FD847F8A7: "Stephan Oeste (it) <it@oeste.de>" not changed
2022-11-24T03:40:07.5559824Z gpg: Total number processed: 1
2022-11-24T03:40:07.5560595Z gpg:              unchanged: 1
2022-11-24T03:40:08.8941741Z gpg: key 8C275BC595448867: "Tomas Kanocz <tomas.kanocz@cnl.sk>" not changed
2022-11-24T03:40:08.8943068Z gpg: Total number processed: 1
2022-11-24T03:40:08.8944034Z gpg:              unchanged: 1
2022-11-24T03:40:10.2368619Z gpg: key B1179EB7347DC10D: "Warren Togami (2013) <wtogami@gmail.com>" not changed
2022-11-24T03:40:10.2369044Z gpg: Total number processed: 1
2022-11-24T03:40:10.2369320Z gpg:              unchanged: 1
2022-11-24T03:40:11.5807328Z gpg: key 8E3A8F3247DBCBBF: "Willy Ko <willyk@syscoin.org>" not changed
2022-11-24T03:40:11.5808016Z gpg: Total number processed: 1
2022-11-24T03:40:11.5808505Z gpg:              unchanged: 1
2022-11-24T03:40:11.5850698Z gpg: sending key 0A41BDC3F4FAFF1C to hkp://keyserver.ubuntu.com
2022-11-24T03:40:12.0500093Z gpg: sending key 4BB42E31C79111B8 to hkp://keyserver.ubuntu.com
2022-11-24T03:40:12.5032930Z gpg: sending key CA662BE18B877A60 to hkp://keyserver.ubuntu.com
2022-11-24T03:40:12.9618650Z gpg: sending key 17565732E08E5E41 to hkp://keyserver.ubuntu.com
2022-11-24T03:40:13.4401035Z gpg: sending key E13FC145CD3F4304 to hkp://keyserver.ubuntu.com
2022-11-24T03:40:13.8942688Z gpg: sending key D7CC770B81FD22A8 to hkp://keyserver.ubuntu.com
2022-11-24T03:40:14.3689076Z gpg: sending key D5566241A0295FA9 to hkp://keyserver.ubuntu.com
2022-11-24T03:40:14.8225840Z gpg: sending key F6430754120EC2F4 to hkp://keyserver.ubuntu.com
2022-11-24T03:40:15.2764004Z gpg: sending key 4B79F986CBDF8736 to hkp://keyserver.ubuntu.com
2022-11-24T03:40:15.7294521Z gpg: sending key FF95FAA971697405 to hkp://keyserver.ubuntu.com
2022-11-24T03:40:16.1806679Z gpg: sending key 1C2491FFEB0EF770 to hkp://keyserver.ubuntu.com
2022-11-24T03:40:16.6349646Z gpg: sending key 989F6B3048A116B5 to hkp://keyserver.ubuntu.com
2022-11-24T03:40:17.0915112Z gpg: sending key 43811D1A26623924 to hkp://keyserver.ubuntu.com
2022-11-24T03:40:17.5535832Z gpg: sending key 7F81D87985D61612 to hkp://keyserver.ubuntu.com
2022-11-24T03:40:18.0048362Z gpg: sending key 2F40A9BF167FBA47 to hkp://keyserver.ubuntu.com
2022-11-24T03:40:18.4609047Z gpg: sending key BF0792FBE95DC863 to hkp://keyserver.ubuntu.com
2022-11-24T03:40:18.9112464Z gpg: sending key 3BDCDA2D87A881D9 to hkp://keyserver.ubuntu.com
2022-11-24T03:40:19.3715086Z gpg: sending key 7588242FBE38D3A8 to hkp://keyserver.ubuntu.com
2022-11-24T03:40:19.8494198Z gpg: sending key 410108112E7EA81F to hkp://keyserver.ubuntu.com
2022-11-24T03:40:20.3069737Z gpg: sending key 2DA9C5A7FA81EA35 to hkp://keyserver.ubuntu.com
2022-11-24T03:40:20.7613172Z gpg: sending key 535B12980BB8A4D3 to hkp://keyserver.ubuntu.com
2022-11-24T03:40:21.2332135Z gpg: sending key C5242A1AB3936517 to hkp://keyserver.ubuntu.com
2022-11-24T03:40:21.6910275Z gpg: sending key 796C4109063D4EAF to hkp://keyserver.ubuntu.com
2022-11-24T03:40:22.1481434Z gpg: sending key 29D4BCB6416F53EC to hkp://keyserver.ubuntu.com
2022-11-24T03:40:22.6128739Z gpg: sending key 77DFAB5C3108B9A8 to hkp://keyserver.ubuntu.com
2022-11-24T03:40:23.0682901Z gpg: sending key 57AF762DB3353322 to hkp://keyserver.ubuntu.com
2022-11-24T03:40:23.5353504Z gpg: sending key BFF0F67810C1EED1 to hkp://keyserver.ubuntu.com
2022-11-24T03:40:23.9818125Z gpg: sending key BD02942421F4889F to hkp://keyserver.ubuntu.com
2022-11-24T03:40:24.6021459Z gpg: sending key 3648A882F4316B9B to hkp://keyserver.ubuntu.com
2022-11-24T03:40:25.0649479Z gpg: sending key 89BBB8663E2E65CE to hkp://keyserver.ubuntu.com
2022-11-24T03:40:25.5381516Z gpg: sending key D300116E1C875A3D to hkp://keyserver.ubuntu.com
2022-11-24T03:40:25.9967483Z gpg: sending key 944D35F9AC3DB76A to hkp://keyserver.ubuntu.com
2022-11-24T03:40:26.4483529Z gpg: sending key 12335A271D4D62EC to hkp://keyserver.ubuntu.com
2022-11-24T03:40:26.8987917Z gpg: sending key 82C5C009628ECF0C to hkp://keyserver.ubuntu.com
2022-11-24T03:40:27.3571811Z gpg: sending key 28DF2724F241D8EE to hkp://keyserver.ubuntu.com
2022-11-24T03:40:27.8167403Z gpg: sending key B34821D4944DE5F7 to hkp://keyserver.ubuntu.com
2022-11-24T03:40:28.2679917Z gpg: sending key 8E4256593F177720 to hkp://keyserver.ubuntu.com
2022-11-24T03:40:28.7288361Z gpg: sending key BCD04D8E9CCCAC2A to hkp://keyserver.ubuntu.com
2022-11-24T03:40:29.1857381Z gpg: sending key 7FAB114267E4FA04 to hkp://keyserver.ubuntu.com
2022-11-24T03:40:29.8236607Z gpg: sending key B9A408E71DAAC974 to hkp://keyserver.ubuntu.com
2022-11-24T03:40:30.3155045Z gpg: sending key 860FEB804E669320 to hkp://keyserver.ubuntu.com
2022-11-24T03:40:30.7789172Z gpg: sending key C2371D91CB716EA7 to hkp://keyserver.ubuntu.com
2022-11-24T03:40:31.2311982Z gpg: sending key 9303B33A305224CB to hkp://keyserver.ubuntu.com
2022-11-24T03:40:31.7034603Z gpg: sending key 57FF9BDBCC301009 to hkp://keyserver.ubuntu.com
2022-11-24T03:40:32.1588128Z gpg: sending key B6737117397F5C4F to hkp://keyserver.ubuntu.com
2022-11-24T03:40:32.6144052Z gpg: sending key 2EBB056FD847F8A7 to hkp://keyserver.ubuntu.com
2022-11-24T03:40:33.0819643Z gpg: sending key 8C275BC595448867 to hkp://keyserver.ubuntu.com
2022-11-24T03:40:33.5342688Z gpg: sending key B1179EB7347DC10D to hkp://keyserver.ubuntu.com
2022-11-24T03:40:33.9875041Z gpg: sending key 8E3A8F3247DBCBBF to hkp://keyserver.ubuntu.com
2022-11-24T03:40:34.4490206Z gpg: sending key 0A41BDC3F4FAFF1C to hkp://pgp.mit.edu
2022-11-24T03:40:34.7695667Z gpg: sending key 4BB42E31C79111B8 to hkp://pgp.mit.edu
2022-11-24T03:40:35.0844335Z gpg: sending key CA662BE18B877A60 to hkp://pgp.mit.edu
2022-11-24T03:40:35.4108899Z gpg: sending key 17565732E08E5E41 to hkp://pgp.mit.edu
2022-11-24T03:40:35.8252088Z gpg: sending key E13FC145CD3F4304 to hkp://pgp.mit.edu
2022-11-24T03:40:36.1398139Z gpg: sending key D7CC770B81FD22A8 to hkp://pgp.mit.edu
2022-11-24T03:40:36.4494731Z gpg: sending key D5566241A0295FA9 to hkp://pgp.mit.edu
2022-11-24T03:40:36.7682729Z gpg: sending key F6430754120EC2F4 to hkp://pgp.mit.edu
2022-11-24T03:40:37.0812339Z gpg: sending key 4B79F986CBDF8736 to hkp://pgp.mit.edu
2022-11-24T03:40:37.3943309Z gpg: sending key FF95FAA971697405 to hkp://pgp.mit.edu
2022-11-24T03:40:37.7057353Z gpg: sending key 1C2491FFEB0EF770 to hkp://pgp.mit.edu
2022-11-24T03:40:38.0211300Z gpg: sending key 989F6B3048A116B5 to hkp://pgp.mit.edu
2022-11-24T03:40:38.3265211Z gpg: sending key 43811D1A26623924 to hkp://pgp.mit.edu
2022-11-24T03:40:38.6387997Z gpg: sending key 7F81D87985D61612 to hkp://pgp.mit.edu
2022-11-24T03:40:38.9470764Z gpg: sending key 2F40A9BF167FBA47 to hkp://pgp.mit.edu
2022-11-24T03:40:39.3572162Z gpg: sending key BF0792FBE95DC863 to hkp://pgp.mit.edu
2022-11-24T03:40:39.6661646Z gpg: sending key 3BDCDA2D87A881D9 to hkp://pgp.mit.edu
2022-11-24T03:40:40.0915612Z gpg: sending key 7588242FBE38D3A8 to hkp://pgp.mit.edu
2022-11-24T03:40:40.4111299Z gpg: sending key 410108112E7EA81F to hkp://pgp.mit.edu
2022-11-24T03:40:40.7233231Z gpg: sending key 2DA9C5A7FA81EA35 to hkp://pgp.mit.edu
2022-11-24T03:40:41.0344076Z gpg: sending key 535B12980BB8A4D3 to hkp://pgp.mit.edu
2022-11-24T03:40:41.4575677Z gpg: sending key C5242A1AB3936517 to hkp://pgp.mit.edu
2022-11-24T03:40:41.8702400Z gpg: sending key 796C4109063D4EAF to hkp://pgp.mit.edu
2022-11-24T03:40:42.1945174Z gpg: sending key 29D4BCB6416F53EC to hkp://pgp.mit.edu
2022-11-24T03:40:42.5253969Z gpg: sending key 77DFAB5C3108B9A8 to hkp://pgp.mit.edu
2022-11-24T03:40:42.9501149Z gpg: sending key 57AF762DB3353322 to hkp://pgp.mit.edu
2022-11-24T03:40:43.2619700Z gpg: sending key BFF0F67810C1EED1 to hkp://pgp.mit.edu
2022-11-24T03:40:43.5767290Z gpg: sending key BD02942421F4889F to hkp://pgp.mit.edu
2022-11-24T03:40:44.0246774Z gpg: sending key 3648A882F4316B9B to hkp://pgp.mit.edu
2022-11-24T03:40:44.4546199Z gpg: sending key 89BBB8663E2E65CE to hkp://pgp.mit.edu
2022-11-24T03:40:44.8891595Z gpg: sending key D300116E1C875A3D to hkp://pgp.mit.edu
2022-11-24T03:40:45.2486269Z gpg: sending key 944D35F9AC3DB76A to hkp://pgp.mit.edu
2022-11-24T03:40:45.5678332Z gpg: sending key 12335A271D4D62EC to hkp://pgp.mit.edu
2022-11-24T03:40:45.8844928Z gpg: sending key 82C5C009628ECF0C to hkp://pgp.mit.edu
2022-11-24T03:40:46.1975003Z gpg: sending key 28DF2724F241D8EE to hkp://pgp.mit.edu
2022-11-24T03:40:46.5171851Z gpg: sending key B34821D4944DE5F7 to hkp://pgp.mit.edu
2022-11-24T03:40:46.8323253Z gpg: sending key 8E4256593F177720 to hkp://pgp.mit.edu
2022-11-24T03:40:47.2538485Z gpg: sending key BCD04D8E9CCCAC2A to hkp://pgp.mit.edu
2022-11-24T03:40:47.5886183Z gpg: sending key 7FAB114267E4FA04 to hkp://pgp.mit.edu
2022-11-24T03:40:48.0357929Z gpg: sending key B9A408E71DAAC974 to hkp://pgp.mit.edu
2022-11-24T03:40:48.4696479Z gpg: sending key 860FEB804E669320 to hkp://pgp.mit.edu
2022-11-24T03:40:48.8922657Z gpg: sending key C2371D91CB716EA7 to hkp://pgp.mit.edu
2022-11-24T03:40:49.2016252Z gpg: sending key 9303B33A305224CB to hkp://pgp.mit.edu
2022-11-24T03:40:49.5174067Z gpg: sending key 57FF9BDBCC301009 to hkp://pgp.mit.edu
2022-11-24T03:40:49.8343180Z gpg: sending key B6737117397F5C4F to hkp://pgp.mit.edu
2022-11-24T03:40:50.1433024Z gpg: sending key 2EBB056FD847F8A7 to hkp://pgp.mit.edu
2022-11-24T03:40:50.4599446Z gpg: sending key 8C275BC595448867 to hkp://pgp.mit.edu
2022-11-24T03:40:50.8127386Z gpg: sending key B1179EB7347DC10D to hkp://pgp.mit.edu
2022-11-24T03:40:51.1271015Z gpg: sending key 8E3A8F3247DBCBBF to hkp://pgp.mit.edu
2022-11-24T03:40:52.0493573Z gpg: key 188CBB2648416AD5: public key ".0xB10C <b10c@b10c.me>" imported
2022-11-24T03:40:52.0500264Z gpg: Total number processed: 1
2022-11-24T03:40:52.0500808Z gpg:               imported: 1
2022-11-24T03:40:52.5118777Z gpg: key 0A41BDC3F4FAFF1C: "Aaron Clauson (sipsorcery) <aaron@sipsorcery.com>" not changed
2022-11-24T03:40:52.5123339Z gpg: Total number processed: 1
2022-11-24T03:40:52.5124164Z gpg:              unchanged: 1
2022-11-24T03:40:52.9691848Z gpg: key 4BB42E31C79111B8: "Akira Takizawa (Ethereum Social Official) <info@ethereumsocial.kr>" not changed
2022-11-24T03:40:52.9692495Z gpg: Total number processed: 1
2022-11-24T03:40:52.9693410Z gpg:              unchanged: 1
2022-11-24T03:40:53.4380174Z gpg: key CA662BE18B877A60: 2 duplicate signatures removed
2022-11-24T03:40:53.4451025Z gpg: key CA662BE18B877A60: "Andreas Schildbach <andreas@schildbach.de>" not changed
2022-11-24T03:40:53.4451780Z gpg: Total number processed: 1
2022-11-24T03:40:53.4452541Z gpg:              unchanged: 1
2022-11-24T03:40:54.2279415Z gpg: key 17565732E08E5E41: 1 duplicate signature removed
2022-11-24T03:40:54.2331278Z gpg: key 17565732E08E5E41: "Andrew Chow <andrew@achow101.com>" not changed
2022-11-24T03:40:54.2332008Z gpg: Total number processed: 1
2022-11-24T03:40:54.2332730Z gpg:              unchanged: 1
2022-11-24T03:40:54.8489561Z gpg: key E13FC145CD3F4304: "Antoine Poinsot <darosior@protonmail.com>" not changed
2022-11-24T03:40:54.8490604Z gpg: Total number processed: 1
2022-11-24T03:40:54.8491950Z gpg:              unchanged: 1
2022-11-24T03:40:55.3058007Z gpg: key D7CC770B81FD22A8: "Ben Carman <benthecarman@live.com>" not changed
2022-11-24T03:40:55.3058876Z gpg: Total number processed: 1
2022-11-24T03:40:55.3059417Z gpg:              unchanged: 1
2022-11-24T03:40:55.7852617Z gpg: key D5566241A0295FA9: "BtcDrak <btcdrak@gmail.com>" not changed
2022-11-24T03:40:55.7853496Z gpg: Total number processed: 1
2022-11-24T03:40:55.7897897Z gpg:              unchanged: 1
2022-11-24T03:40:56.4518407Z gpg: key 96AB007F1A7ED999: 7 duplicate signatures removed
2022-11-24T03:40:56.4518818Z gpg: key 96AB007F1A7ED999: 7 signatures reordered
2022-11-24T03:40:56.5318564Z gpg: key 96AB007F1A7ED999: public key "Carl Dong <contact@carldong.me>" imported
2022-11-24T03:40:56.5333447Z gpg: Total number processed: 1
2022-11-24T03:40:56.5333772Z gpg:               imported: 1
2022-11-24T03:40:56.9886510Z gpg: key F6430754120EC2F4: "Christian Decker (cdecker) <decker.christian@gmail.com>" not changed
2022-11-24T03:40:56.9887420Z gpg: Total number processed: 1
2022-11-24T03:40:56.9890460Z gpg:              unchanged: 1
2022-11-24T03:40:57.4601598Z gpg: key 4B79F986CBDF8736: "Chun Kuan Lee(ken2812221) <ken2812221@gmail.com>" not changed
2022-11-24T03:40:57.4602785Z gpg: Total number processed: 1
2022-11-24T03:40:57.4603646Z gpg:              unchanged: 1
2022-11-24T03:40:57.9185917Z gpg: key A5E0907A0380E6C3: public key "CoinForensics (SigningKey) <59567284+coinforensics@users.noreply.github.com>" imported
2022-11-24T03:40:57.9195019Z gpg: Total number processed: 1
2022-11-24T03:40:57.9196142Z gpg:               imported: 1
2022-11-24T03:40:58.3753173Z gpg: key FF95FAA971697405: "centaur <centaur@phonebook.com>" not changed
2022-11-24T03:40:58.3753897Z gpg: Total number processed: 1
2022-11-24T03:40:58.3754380Z gpg:              unchanged: 1
2022-11-24T03:40:58.8304029Z gpg: key 1C2491FFEB0EF770: "Cory Fields <cfields@bitcoinfoundation.org>" not changed
2022-11-24T03:40:58.8304846Z gpg: Total number processed: 1
2022-11-24T03:40:58.8305327Z gpg:              unchanged: 1
2022-11-24T03:40:59.2933947Z gpg: key 989F6B3048A116B5: "Dev Random <c1.devrandom@niftybox.net>" not changed
2022-11-24T03:40:59.2934753Z gpg: Total number processed: 1
2022-11-24T03:40:59.2935351Z gpg:              unchanged: 1
2022-11-24T03:40:59.7486812Z gpg: key 43811D1A26623924: "Douglas Roark <joroark@vt.edu>" not changed
2022-11-24T03:40:59.7488074Z gpg: Total number processed: 1
2022-11-24T03:40:59.7488558Z gpg:              unchanged: 1
2022-11-24T03:41:00.2090996Z gpg: key C37B1C1D44C786EE: public key "Duncan Dean <duncangleeddean@gmail.com>" imported
2022-11-24T03:41:00.2100588Z gpg: Total number processed: 1
2022-11-24T03:41:00.2101143Z gpg:               imported: 1
2022-11-24T03:41:00.6670178Z gpg: key 7F81D87985D61612: "Emanuele Cisbani (https://github.com/cisba) <emanuele.cisbani@gmail.com>" not changed
2022-11-24T03:41:00.6671085Z gpg: Total number processed: 1
2022-11-24T03:41:00.6671530Z gpg:              unchanged: 1
2022-11-24T03:41:01.2824834Z gpg: key 2F40A9BF167FBA47: "Erik Mossberg (erkmos) <erik@etyd.org>" not changed
2022-11-24T03:41:01.2825720Z gpg: Total number processed: 1
2022-11-24T03:41:01.2826237Z gpg:              unchanged: 1
2022-11-24T03:41:01.7386172Z gpg: key BF0792FBE95DC863: "fivepiece <flamingbutane@gmail.com>" not changed
2022-11-24T03:41:01.7387089Z gpg: Total number processed: 1
2022-11-24T03:41:01.7387449Z gpg:              unchanged: 1
2022-11-24T03:41:02.3537230Z gpg: key 3BDCDA2D87A881D9: 4 duplicate signatures removed
2022-11-24T03:41:02.3584843Z gpg: key 3BDCDA2D87A881D9: "Fuzzbawls <fuzzbawls@fuzzbawls.pw>" not changed
2022-11-24T03:41:02.3585521Z gpg: Total number processed: 1
2022-11-24T03:41:02.3585805Z gpg:              unchanged: 1
2022-11-24T03:41:03.1233941Z gpg: key 7588242FBE38D3A8: "Gavin Andresen <gavinandresen@gmail.com>" not changed
2022-11-24T03:41:03.1234380Z gpg: Total number processed: 1
2022-11-24T03:41:03.1234659Z gpg:              unchanged: 1
2022-11-24T03:41:03.7331026Z gpg: key 8F617F1200A6D25C: public key "Gloria Zhao <gloriazhao@berkeley.edu>" imported
2022-11-24T03:41:03.7341559Z gpg: Total number processed: 1
2022-11-24T03:41:03.7342690Z gpg:               imported: 1
2022-11-24T03:41:04.3433152Z gpg: key 410108112E7EA81F: "Hennadii Stepanov (GitHub key) <32963518+hebasto@users.noreply.github.com>" not changed
2022-11-24T03:41:04.3433847Z gpg: Total number processed: 1
2022-11-24T03:41:04.3434401Z gpg:              unchanged: 1
2022-11-24T03:41:04.8048860Z gpg: key 25F27A38A47AD566: public key "James O'Beirne <james.obeirne@pm.me>" imported
2022-11-24T03:41:04.8052347Z gpg: Total number processed: 1
2022-11-24T03:41:04.8053076Z gpg:               imported: 1
2022-11-24T03:41:05.2740135Z gpg: key 2DA9C5A7FA81EA35: "Jarol Rodriguez <jarolrod@tutanota.com>" not changed
2022-11-24T03:41:05.2741078Z gpg: Total number processed: 1
2022-11-24T03:41:05.2741619Z gpg:              unchanged: 1
2022-11-24T03:41:06.0282765Z gpg: key 535B12980BB8A4D3: 1 duplicate signature removed
2022-11-24T03:41:06.0306739Z gpg: key 535B12980BB8A4D3: "Jeffri H Frontz <jeff.frontz@gmail.com>" not changed
2022-11-24T03:41:06.0307843Z gpg: Total number processed: 1
2022-11-24T03:41:06.0308440Z gpg:              unchanged: 1
2022-11-24T03:41:06.6514785Z gpg: key C5242A1AB3936517: "jl2012 <jl2012@xbt.hk>" not changed
2022-11-24T03:41:06.6515564Z gpg: Total number processed: 1
2022-11-24T03:41:06.6516391Z gpg:              unchanged: 1
2022-11-24T03:41:07.1361068Z gpg: key 796C4109063D4EAF: "Jon Atack <jon@atack.com>" not changed
2022-11-24T03:41:07.1361504Z gpg: Total number processed: 1
2022-11-24T03:41:07.1362068Z gpg:              unchanged: 1
2022-11-24T03:41:07.7559764Z gpg: key 29D4BCB6416F53EC: 1 duplicate signature removed
2022-11-24T03:41:07.7673879Z gpg: key 29D4BCB6416F53EC: "Jonas Schnelli <dev@jonasschnelli.ch>" not changed
2022-11-24T03:41:07.7674293Z gpg: Total number processed: 1
2022-11-24T03:41:07.7674566Z gpg:              unchanged: 1
2022-11-24T03:41:08.3762625Z gpg: key 77DFAB5C3108B9A8: "Jorge Timon (offline) <jtimon@jtimon.cc>" not changed
2022-11-24T03:41:08.3763776Z gpg: Total number processed: 1
2022-11-24T03:41:08.3765750Z gpg:              unchanged: 1
2022-11-24T03:41:08.9850485Z gpg: key 57AF762DB3353322: 1 duplicate signature removed
2022-11-24T03:41:08.9876952Z gpg: key 57AF762DB3353322: "Karl-Johan Alm <karljohan-alm@garage.co.jp>" not changed
2022-11-24T03:41:08.9877395Z gpg: Total number processed: 1
2022-11-24T03:41:08.9877677Z gpg:              unchanged: 1
2022-11-24T03:41:09.4460182Z gpg: key 33E472FE870C7E5D: public key "kristapsk <kristapsk@noreply.github.com>" imported
2022-11-24T03:41:09.4468158Z gpg: Total number processed: 1
2022-11-24T03:41:09.4468458Z gpg:               imported: 1
2022-11-24T03:41:09.9024467Z gpg: key BFF0F67810C1EED1: "Lisa Neigut <niftynei@gmail.com>" not changed
2022-11-24T03:41:09.9025221Z gpg: Total number processed: 1
2022-11-24T03:41:09.9025813Z gpg:              unchanged: 1
2022-11-24T03:41:11.0661518Z gpg: key BD02942421F4889F: 17 duplicate signatures removed
2022-11-24T03:41:11.1092567Z gpg: key BD02942421F4889F: "Luke Dashjr <luke@dashjr.org>" not changed
2022-11-24T03:41:11.1093357Z gpg: Total number processed: 1
2022-11-24T03:41:11.1093751Z gpg:              unchanged: 1
2022-11-24T03:41:11.8928759Z gpg: key 3648A882F4316B9B: 5 duplicate signatures removed
2022-11-24T03:41:11.9046041Z gpg: key 3648A882F4316B9B: "Marco Falke <marco.falke@tum.de>" not changed
2022-11-24T03:41:11.9046598Z gpg: Total number processed: 1
2022-11-24T03:41:11.9046971Z gpg:              unchanged: 1
2022-11-24T03:41:12.6697081Z gpg: key 89BBB8663E2E65CE: 2 duplicate signatures removed
2022-11-24T03:41:12.6863587Z gpg: key 89BBB8663E2E65CE: "Matt Corallo (BlueMatt) <matt@mattcorallo.com>" not changed
2022-11-24T03:41:12.6864033Z gpg: Total number processed: 1
2022-11-24T03:41:12.6864317Z gpg:              unchanged: 1
2022-11-24T03:41:13.2894675Z gpg: key D300116E1C875A3D: "MeshCollider <dobsonsa68@gmail.com>" not changed
2022-11-24T03:41:13.2895173Z gpg: Total number processed: 1
2022-11-24T03:41:13.2895464Z gpg:              unchanged: 1
2022-11-24T03:41:13.8913038Z gpg: key 944D35F9AC3DB76A: 2 duplicate signatures removed
2022-11-24T03:41:13.8928004Z gpg: key 944D35F9AC3DB76A: "Michael Ford (bitcoin-otc) <fanquake@gmail.com>" not changed
2022-11-24T03:41:13.8928427Z gpg: Total number processed: 1
2022-11-24T03:41:13.8928700Z gpg:              unchanged: 1
2022-11-24T03:41:14.3510126Z gpg: key 12335A271D4D62EC: "Michael Tidwell (miketwenty1) <tidwell@zebedee.io>" not changed
2022-11-24T03:41:14.3511009Z gpg: Total number processed: 1
2022-11-24T03:41:14.3511613Z gpg:              unchanged: 1
2022-11-24T03:41:14.8092670Z gpg: key 82C5C009628ECF0C: "Michagogo <Michagogo@users.noreply.github.com>" not changed
2022-11-24T03:41:14.8093234Z gpg: Total number processed: 1
2022-11-24T03:41:14.8093565Z gpg:              unchanged: 1
2022-11-24T03:41:15.2759009Z gpg: key 28DF2724F241D8EE: "midnightmagic" not changed
2022-11-24T03:41:15.2759693Z gpg: Total number processed: 1
2022-11-24T03:41:15.2760250Z gpg:              unchanged: 1
2022-11-24T03:41:15.8878468Z gpg: key 8E4256593F177720: 5 duplicate signatures removed
2022-11-24T03:41:15.8921435Z gpg: key 8E4256593F177720: "Oliver Gugger <gugger@gmail.com>" not changed
2022-11-24T03:41:15.8922357Z gpg: Total number processed: 1
2022-11-24T03:41:15.8926125Z gpg:              unchanged: 1
2022-11-24T03:41:16.3584063Z gpg: key BCD04D8E9CCCAC2A: "Paul Rabahy <PRabahy@gmail.com>" not changed
2022-11-24T03:41:16.3585053Z gpg: Total number processed: 1
2022-11-24T03:41:16.3587639Z gpg:              unchanged: 1
2022-11-24T03:41:17.2917590Z gpg: key 7FAB114267E4FA04: 22 duplicate signatures removed
2022-11-24T03:41:17.2984253Z gpg: key 7FAB114267E4FA04: "Peter Todd <pete@petertodd.org>" not changed
2022-11-24T03:41:17.2988970Z gpg: Total number processed: 1
2022-11-24T03:41:17.2991533Z gpg:              unchanged: 1
2022-11-24T03:41:18.2290095Z gpg: key B9A408E71DAAC974: "Pieter Wuille (Location: Leuven, Belgium) <pieter.wuille@gmail.com>" not changed
2022-11-24T03:41:18.2290533Z gpg: Total number processed: 1
2022-11-24T03:41:18.2290833Z gpg:              unchanged: 1
2022-11-24T03:41:18.9927019Z gpg: key 860FEB804E669320: 2 duplicate signatures removed
2022-11-24T03:41:18.9985634Z gpg: key 860FEB804E669320: "Pieter Wuille <pieter@wuille.net>" not changed
2022-11-24T03:41:18.9986768Z gpg: Total number processed: 1
2022-11-24T03:41:18.9987831Z gpg:              unchanged: 1
2022-11-24T03:41:19.4564788Z gpg: key C2371D91CB716EA7: "Sebastian Falbesoner (theStack) <sebastian.falbesoner@gmail.com>" not changed
2022-11-24T03:41:19.4565858Z gpg: Total number processed: 1
2022-11-24T03:41:19.4566932Z gpg:              unchanged: 1
2022-11-24T03:41:20.0689685Z gpg: key 9303B33A305224CB: 1 duplicate signature removed
2022-11-24T03:41:20.0723597Z gpg: key 9303B33A305224CB: "Sebastian Kung (TheCharlatan) <seb.kung@gmail.com>" not changed
2022-11-24T03:41:20.0724252Z gpg: Total number processed: 1
2022-11-24T03:41:20.0724666Z gpg:              unchanged: 1
2022-11-24T03:41:20.6809429Z gpg: key 57FF9BDBCC301009: 3 duplicate signatures removed
2022-11-24T03:41:20.6833281Z gpg: key 57FF9BDBCC301009: "Sjors Provoost <sjors@sprovoost.nl>" not changed
2022-11-24T03:41:20.6833858Z gpg: Total number processed: 1
2022-11-24T03:41:20.6834249Z gpg:              unchanged: 1
2022-11-24T03:41:21.3113560Z gpg: key B6737117397F5C4F: "Stephan Oeste <stephan@oeste.de>" not changed
2022-11-24T03:41:21.3114597Z gpg: Total number processed: 1
2022-11-24T03:41:21.3114886Z gpg:              unchanged: 1
2022-11-24T03:41:21.9215743Z gpg: key 2EBB056FD847F8A7: "Stephan Oeste (it) <it@oeste.de>" not changed
2022-11-24T03:41:21.9216847Z gpg: Total number processed: 1
2022-11-24T03:41:21.9217210Z gpg:              unchanged: 1
2022-11-24T03:41:22.3789813Z gpg: key 8C275BC595448867: "Tomas Kanocz <tomas.kanocz@cnl.sk>" not changed
2022-11-24T03:41:22.3791549Z gpg: Total number processed: 1
2022-11-24T03:41:22.3792624Z gpg:              unchanged: 1
2022-11-24T03:41:22.9914410Z gpg: key B1179EB7347DC10D: "Warren Togami (2013) <wtogami@gmail.com>" not changed
2022-11-24T03:41:22.9915296Z gpg: Total number processed: 1
2022-11-24T03:41:22.9915794Z gpg:              unchanged: 1
2022-11-24T03:41:23.4533686Z gpg: key 099BAD163C70FBFA: public key "Will Clark <will8clark@gmail.com>" imported
2022-11-24T03:41:23.4544892Z gpg: Total number processed: 1
2022-11-24T03:41:23.4545738Z gpg:               imported: 1
2022-11-24T03:41:23.9134803Z gpg: key 8E3A8F3247DBCBBF: "Willy Ko <willyk@syscoin.org>" not changed
2022-11-24T03:41:23.9135765Z gpg: Total number processed: 1
2022-11-24T03:41:23.9136553Z gpg:              unchanged: 1
2022-11-24T03:41:24.8253597Z gpg: key 74810B012346C9A6: 8 duplicate signatures removed
2022-11-24T03:41:24.8293750Z gpg: key 74810B012346C9A6: public key "Wladimir J. van der Laan <laanwj@protonmail.com>" imported
2022-11-24T03:41:24.8301924Z gpg: Total number processed: 1
2022-11-24T03:41:24.8302474Z gpg:               imported: 1
2022-11-24T03:41:24.8343769Z gpg: sending key 188CBB2648416AD5 to hkp://keys.openpgp.org
2022-11-24T03:41:25.9407590Z gpg: sending key 0A41BDC3F4FAFF1C to hkp://keys.openpgp.org
2022-11-24T03:41:27.0280774Z gpg: sending key 4BB42E31C79111B8 to hkp://keys.openpgp.org
2022-11-24T03:41:28.1176821Z gpg: sending key CA662BE18B877A60 to hkp://keys.openpgp.org
2022-11-24T03:41:29.2327105Z gpg: sending key 17565732E08E5E41 to hkp://keys.openpgp.org
2022-11-24T03:41:30.3613193Z gpg: sending key E13FC145CD3F4304 to hkp://keys.openpgp.org
2022-11-24T03:41:31.4767001Z gpg: sending key D7CC770B81FD22A8 to hkp://keys.openpgp.org
2022-11-24T03:41:32.5627514Z gpg: sending key D5566241A0295FA9 to hkp://keys.openpgp.org
2022-11-24T03:41:33.6598221Z gpg: sending key 96AB007F1A7ED999 to hkp://keys.openpgp.org
2022-11-24T03:41:34.7704540Z gpg: sending key F6430754120EC2F4 to hkp://keys.openpgp.org
2022-11-24T03:41:35.8567709Z gpg: sending key 4B79F986CBDF8736 to hkp://keys.openpgp.org
2022-11-24T03:41:37.1927863Z gpg: sending key A5E0907A0380E6C3 to hkp://keys.openpgp.org
2022-11-24T03:41:38.2806359Z gpg: sending key FF95FAA971697405 to hkp://keys.openpgp.org
2022-11-24T03:41:39.3646616Z gpg: sending key 1C2491FFEB0EF770 to hkp://keys.openpgp.org
2022-11-24T03:41:40.4559159Z gpg: sending key 989F6B3048A116B5 to hkp://keys.openpgp.org
2022-11-24T03:41:41.5567270Z gpg: sending key 43811D1A26623924 to hkp://keys.openpgp.org
2022-11-24T03:41:42.6533399Z gpg: sending key C37B1C1D44C786EE to hkp://keys.openpgp.org
2022-11-24T03:41:43.7527065Z gpg: sending key 7F81D87985D61612 to hkp://keys.openpgp.org
2022-11-24T03:41:44.8439084Z gpg: sending key 2F40A9BF167FBA47 to hkp://keys.openpgp.org
2022-11-24T03:41:45.9608361Z gpg: sending key BF0792FBE95DC863 to hkp://keys.openpgp.org
2022-11-24T03:41:47.0607490Z gpg: sending key 3BDCDA2D87A881D9 to hkp://keys.openpgp.org
2022-11-24T03:41:48.1686706Z gpg: sending key 7588242FBE38D3A8 to hkp://keys.openpgp.org
2022-11-24T03:41:49.2622601Z gpg: sending key 8F617F1200A6D25C to hkp://keys.openpgp.org
2022-11-24T03:41:50.3646331Z gpg: sending key 410108112E7EA81F to hkp://keys.openpgp.org
2022-11-24T03:41:51.4535187Z gpg: sending key 25F27A38A47AD566 to hkp://keys.openpgp.org
2022-11-24T03:41:52.5527033Z gpg: sending key 2DA9C5A7FA81EA35 to hkp://keys.openpgp.org
2022-11-24T03:41:53.6511437Z gpg: sending key 535B12980BB8A4D3 to hkp://keys.openpgp.org
2022-11-24T03:41:54.7505210Z gpg: sending key C5242A1AB3936517 to hkp://keys.openpgp.org
2022-11-24T03:41:55.8641902Z gpg: sending key 796C4109063D4EAF to hkp://keys.openpgp.org
2022-11-24T03:41:56.9778549Z gpg: sending key 29D4BCB6416F53EC to hkp://keys.openpgp.org
2022-11-24T03:41:58.1085728Z gpg: sending key 77DFAB5C3108B9A8 to hkp://keys.openpgp.org
2022-11-24T03:41:59.2071381Z gpg: sending key 57AF762DB3353322 to hkp://keys.openpgp.org
2022-11-24T03:42:00.3068279Z gpg: sending key 33E472FE870C7E5D to hkp://keys.openpgp.org
2022-11-24T03:42:01.4026925Z gpg: sending key BFF0F67810C1EED1 to hkp://keys.openpgp.org
2022-11-24T03:42:02.5007318Z gpg: sending key BD02942421F4889F to hkp://keys.openpgp.org
2022-11-24T03:42:03.9004864Z gpg: sending key 3648A882F4316B9B to hkp://keys.openpgp.org
2022-11-24T03:42:05.0644652Z gpg: sending key 89BBB8663E2E65CE to hkp://keys.openpgp.org
2022-11-24T03:42:06.2046378Z gpg: sending key D300116E1C875A3D to hkp://keys.openpgp.org
2022-11-24T03:42:07.2953765Z gpg: sending key 944D35F9AC3DB76A to hkp://keys.openpgp.org
2022-11-24T03:42:08.3927375Z gpg: sending key 12335A271D4D62EC to hkp://keys.openpgp.org
2022-11-24T03:42:09.4881388Z gpg: sending key 82C5C009628ECF0C to hkp://keys.openpgp.org
2022-11-24T03:42:10.5846064Z gpg: sending key 28DF2724F241D8EE to hkp://keys.openpgp.org
2022-11-24T03:42:11.6817734Z gpg: sending key 8E4256593F177720 to hkp://keys.openpgp.org
2022-11-24T03:42:12.7868193Z gpg: sending key BCD04D8E9CCCAC2A to hkp://keys.openpgp.org
2022-11-24T03:42:13.8870454Z gpg: sending key 7FAB114267E4FA04 to hkp://keys.openpgp.org
2022-11-24T03:42:15.1670361Z gpg: sending key B9A408E71DAAC974 to hkp://keys.openpgp.org
2022-11-24T03:42:16.3053527Z gpg: sending key 860FEB804E669320 to hkp://keys.openpgp.org
2022-11-24T03:42:17.4368021Z gpg: sending key C2371D91CB716EA7 to hkp://keys.openpgp.org
2022-11-24T03:42:18.5312520Z gpg: sending key 9303B33A305224CB to hkp://keys.openpgp.org
2022-11-24T03:42:19.6301927Z gpg: sending key 57FF9BDBCC301009 to hkp://keys.openpgp.org
2022-11-24T03:42:20.7413574Z gpg: sending key B6737117397F5C4F to hkp://keys.openpgp.org
2022-11-24T03:42:21.8568262Z gpg: sending key 2EBB056FD847F8A7 to hkp://keys.openpgp.org
2022-11-24T03:42:22.9566622Z gpg: sending key 8C275BC595448867 to hkp://keys.openpgp.org
2022-11-24T03:42:24.0447423Z gpg: sending key B1179EB7347DC10D to hkp://keys.openpgp.org
2022-11-24T03:42:25.1445766Z gpg: sending key 099BAD163C70FBFA to hkp://keys.openpgp.org
2022-11-24T03:42:26.2558486Z gpg: sending key 8E3A8F3247DBCBBF to hkp://keys.openpgp.org
2022-11-24T03:42:27.3508882Z gpg: sending key 74810B012346C9A6 to hkp://keys.openpgp.org
2022-11-24T03:42:28.4512878Z gpg: sending key 188CBB2648416AD5 to hkp://pgp.mit.edu
2022-11-24T03:42:28.7828650Z gpg: sending key 0A41BDC3F4FAFF1C to hkp://pgp.mit.edu
2022-11-24T03:42:29.1020789Z gpg: sending key 4BB42E31C79111B8 to hkp://pgp.mit.edu
2022-11-24T03:42:29.4166529Z gpg: sending key CA662BE18B877A60 to hkp://pgp.mit.edu
2022-11-24T03:42:29.7360440Z gpg: sending key 17565732E08E5E41 to hkp://pgp.mit.edu
2022-11-24T03:42:30.0614057Z gpg: sending key E13FC145CD3F4304 to hkp://pgp.mit.edu
2022-11-24T03:42:30.3766720Z gpg: sending key D7CC770B81FD22A8 to hkp://pgp.mit.edu
2022-11-24T03:42:30.6850363Z gpg: sending key D5566241A0295FA9 to hkp://pgp.mit.edu
2022-11-24T03:42:31.0007036Z gpg: sending key 96AB007F1A7ED999 to hkp://pgp.mit.edu
2022-11-24T03:42:31.3098260Z gpg: sending key F6430754120EC2F4 to hkp://pgp.mit.edu
2022-11-24T03:42:31.6288305Z gpg: sending key 4B79F986CBDF8736 to hkp://pgp.mit.edu
2022-11-24T03:42:31.9508366Z gpg: sending key A5E0907A0380E6C3 to hkp://pgp.mit.edu
2022-11-24T03:42:32.2563942Z gpg: sending key FF95FAA971697405 to hkp://pgp.mit.edu
2022-11-24T03:42:32.5653361Z gpg: sending key 1C2491FFEB0EF770 to hkp://pgp.mit.edu
2022-11-24T03:42:32.8754066Z gpg: sending key 989F6B3048A116B5 to hkp://pgp.mit.edu
2022-11-24T03:42:33.2030547Z gpg: sending key 43811D1A26623924 to hkp://pgp.mit.edu
2022-11-24T03:42:33.5271402Z gpg: sending key C37B1C1D44C786EE to hkp://pgp.mit.edu
2022-11-24T03:42:33.8389064Z gpg: sending key 7F81D87985D61612 to hkp://pgp.mit.edu
2022-11-24T03:42:34.1546907Z gpg: sending key 2F40A9BF167FBA47 to hkp://pgp.mit.edu
2022-11-24T03:42:34.9726579Z gpg: sending key BF0792FBE95DC863 to hkp://pgp.mit.edu
2022-11-24T03:42:35.2855284Z gpg: sending key 3BDCDA2D87A881D9 to hkp://pgp.mit.edu
2022-11-24T03:42:36.0077681Z gpg: sending key 7588242FBE38D3A8 to hkp://pgp.mit.edu
2022-11-24T03:42:36.3201220Z gpg: sending key 8F617F1200A6D25C to hkp://pgp.mit.edu
2022-11-24T03:42:36.6337238Z gpg: sending key 410108112E7EA81F to hkp://pgp.mit.edu
2022-11-24T03:42:36.9475168Z gpg: sending key 25F27A38A47AD566 to hkp://pgp.mit.edu
2022-11-24T03:42:37.2687201Z gpg: sending key 2DA9C5A7FA81EA35 to hkp://pgp.mit.edu
2022-11-24T03:42:37.5760600Z gpg: sending key 535B12980BB8A4D3 to hkp://pgp.mit.edu
2022-11-24T03:42:37.9904258Z gpg: sending key C5242A1AB3936517 to hkp://pgp.mit.edu
2022-11-24T03:42:38.3008770Z gpg: sending key 796C4109063D4EAF to hkp://pgp.mit.edu
2022-11-24T03:42:38.6210941Z gpg: sending key 29D4BCB6416F53EC to hkp://pgp.mit.edu
2022-11-24T03:42:38.9467152Z gpg: sending key 77DFAB5C3108B9A8 to hkp://pgp.mit.edu
2022-11-24T03:42:39.2768988Z gpg: sending key 57AF762DB3353322 to hkp://pgp.mit.edu
2022-11-24T03:42:39.5968201Z gpg: sending key 33E472FE870C7E5D to hkp://pgp.mit.edu
2022-11-24T03:42:39.9063304Z gpg: sending key BFF0F67810C1EED1 to hkp://pgp.mit.edu
2022-11-24T03:42:40.2185422Z gpg: sending key BD02942421F4889F to hkp://pgp.mit.edu
2022-11-24T03:42:40.6545887Z gpg: sending key 3648A882F4316B9B to hkp://pgp.mit.edu
2022-11-24T03:42:40.9727857Z gpg: sending key 89BBB8663E2E65CE to hkp://pgp.mit.edu
2022-11-24T03:42:41.3053379Z gpg: sending key D300116E1C875A3D to hkp://pgp.mit.edu
2022-11-24T03:42:41.6203108Z gpg: sending key 944D35F9AC3DB76A to hkp://pgp.mit.edu
2022-11-24T03:42:41.9449769Z gpg: sending key 12335A271D4D62EC to hkp://pgp.mit.edu
2022-11-24T03:42:42.2500495Z gpg: sending key 82C5C009628ECF0C to hkp://pgp.mit.edu
2022-11-24T03:42:42.5631007Z gpg: sending key 28DF2724F241D8EE to hkp://pgp.mit.edu
2022-11-24T03:42:42.8832203Z gpg: sending key 8E4256593F177720 to hkp://pgp.mit.edu
2022-11-24T03:42:43.2012109Z gpg: sending key BCD04D8E9CCCAC2A to hkp://pgp.mit.edu
2022-11-24T03:42:43.5132235Z gpg: sending key 7FAB114267E4FA04 to hkp://pgp.mit.edu
2022-11-24T03:42:43.9325120Z gpg: sending key B9A408E71DAAC974 to hkp://pgp.mit.edu
2022-11-24T03:42:44.2645951Z gpg: sending key 860FEB804E669320 to hkp://pgp.mit.edu
2022-11-24T03:42:44.6793154Z gpg: sending key C2371D91CB716EA7 to hkp://pgp.mit.edu
2022-11-24T03:42:44.9863188Z gpg: sending key 9303B33A305224CB to hkp://pgp.mit.edu
2022-11-24T03:42:45.3035976Z gpg: sending key 57FF9BDBCC301009 to hkp://pgp.mit.edu
2022-11-24T03:42:45.6390194Z gpg: sending key B6737117397F5C4F to hkp://pgp.mit.edu
2022-11-24T03:42:45.9545449Z gpg: sending key 2EBB056FD847F8A7 to hkp://pgp.mit.edu
2022-11-24T03:42:46.2686670Z gpg: sending key 8C275BC595448867 to hkp://pgp.mit.edu
2022-11-24T03:42:46.5847284Z gpg: sending key B1179EB7347DC10D to hkp://pgp.mit.edu
2022-11-24T03:42:46.8891655Z gpg: sending key 099BAD163C70FBFA to hkp://pgp.mit.edu
2022-11-24T03:42:47.2060133Z gpg: sending key 8E3A8F3247DBCBBF to hkp://pgp.mit.edu
2022-11-24T03:42:47.5142053Z gpg: sending key 74810B012346C9A6 to hkp://pgp.mit.edu
2022-11-24T03:42:49.2625666Z gpg: key 188CBB2648416AD5: ".0xB10C <b10c@b10c.me>" not changed
2022-11-24T03:42:49.2626329Z gpg: Total number processed: 1
2022-11-24T03:42:49.2626756Z gpg:              unchanged: 1
2022-11-24T03:42:50.6011828Z gpg: key 0A41BDC3F4FAFF1C: "Aaron Clauson (sipsorcery) <aaron@sipsorcery.com>" not changed
2022-11-24T03:42:50.6013306Z gpg: Total number processed: 1
2022-11-24T03:42:50.6014353Z gpg:              unchanged: 1
2022-11-24T03:42:51.9390802Z gpg: key 4BB42E31C79111B8: "Akira Takizawa (Ethereum Social Official) <info@ethereumsocial.kr>" not changed
2022-11-24T03:42:51.9391312Z gpg: Total number processed: 1
2022-11-24T03:42:51.9391648Z gpg:              unchanged: 1
2022-11-24T03:42:53.2815215Z gpg: key CA662BE18B877A60: "Andreas Schildbach <andreas@schildbach.de>" not changed
2022-11-24T03:42:53.2816814Z gpg: Total number processed: 1
2022-11-24T03:42:53.2817136Z gpg:              unchanged: 1
2022-11-24T03:42:54.7172557Z gpg: key 17565732E08E5E41: "Andrew Chow <andrew@achow101.com>" not changed
2022-11-24T03:42:54.7173258Z gpg: Total number processed: 1
2022-11-24T03:42:54.7173528Z gpg:              unchanged: 1
2022-11-24T03:42:56.0638283Z gpg: key E13FC145CD3F4304: "Antoine Poinsot <darosior@protonmail.com>" not changed
2022-11-24T03:42:56.0639384Z gpg: Total number processed: 1
2022-11-24T03:42:56.0639712Z gpg:              unchanged: 1
2022-11-24T03:42:57.3999608Z gpg: key D7CC770B81FD22A8: "Ben Carman <benthecarman@live.com>" not changed
2022-11-24T03:42:57.4000285Z gpg: Total number processed: 1
2022-11-24T03:42:57.4000650Z gpg:              unchanged: 1
2022-11-24T03:42:58.7427559Z gpg: key D5566241A0295FA9: "BtcDrak <btcdrak@gmail.com>" not changed
2022-11-24T03:42:58.7428305Z gpg: Total number processed: 1
2022-11-24T03:42:58.7428694Z gpg:              unchanged: 1
2022-11-24T03:43:00.2513953Z gpg: key 96AB007F1A7ED999: "Carl Dong <contact@carldong.me>" not changed
2022-11-24T03:43:00.2517067Z gpg: Total number processed: 1
2022-11-24T03:43:00.2517658Z gpg:              unchanged: 1
2022-11-24T03:43:01.5886111Z gpg: key F6430754120EC2F4: "Christian Decker (cdecker) <decker.christian@gmail.com>" not changed
2022-11-24T03:43:01.5887037Z gpg: Total number processed: 1
2022-11-24T03:43:01.5887411Z gpg:              unchanged: 1
2022-11-24T03:43:02.9336030Z gpg: key 4B79F986CBDF8736: "Chun Kuan Lee(ken2812221) <ken2812221@gmail.com>" not changed
2022-11-24T03:43:02.9337293Z gpg: Total number processed: 1
2022-11-24T03:43:02.9338175Z gpg:              unchanged: 1
2022-11-24T03:43:04.2692608Z gpg: key A5E0907A0380E6C3: "CoinForensics (SigningKey) <59567284+coinforensics@users.noreply.github.com>" not changed
2022-11-24T03:43:04.2693695Z gpg: Total number processed: 1
2022-11-24T03:43:04.2694087Z gpg:              unchanged: 1
2022-11-24T03:43:05.6071559Z gpg: key FF95FAA971697405: "centaur <centaur@phonebook.com>" not changed
2022-11-24T03:43:05.6072391Z gpg: Total number processed: 1
2022-11-24T03:43:05.6073023Z gpg:              unchanged: 1
2022-11-24T03:43:06.9444281Z gpg: key 1C2491FFEB0EF770: "Cory Fields <cfields@bitcoinfoundation.org>" not changed
2022-11-24T03:43:06.9445814Z gpg: Total number processed: 1
2022-11-24T03:43:06.9446823Z gpg:              unchanged: 1
2022-11-24T03:43:08.2887695Z gpg: key 989F6B3048A116B5: "Dev Random <c1.devrandom@niftybox.net>" not changed
2022-11-24T03:43:08.2888495Z gpg: Total number processed: 1
2022-11-24T03:43:08.2888856Z gpg:              unchanged: 1
2022-11-24T03:43:09.6260097Z gpg: key 43811D1A26623924: "Douglas Roark <joroark@vt.edu>" not changed
2022-11-24T03:43:09.6261156Z gpg: Total number processed: 1
2022-11-24T03:43:09.6261824Z gpg:              unchanged: 1
2022-11-24T03:43:10.9647254Z gpg: key C37B1C1D44C786EE: "Duncan Dean <duncangleeddean@gmail.com>" not changed
2022-11-24T03:43:10.9648109Z gpg: Total number processed: 1
2022-11-24T03:43:10.9648941Z gpg:              unchanged: 1
2022-11-24T03:43:12.3090138Z gpg: key 7F81D87985D61612: "Emanuele Cisbani (https://github.com/cisba) <emanuele.cisbani@gmail.com>" not changed
2022-11-24T03:43:12.3091154Z gpg: Total number processed: 1
2022-11-24T03:43:12.3091569Z gpg:              unchanged: 1
2022-11-24T03:43:13.6569574Z gpg: key 2F40A9BF167FBA47: "Erik Mossberg (erkmos) <erik@etyd.org>" not changed
2022-11-24T03:43:13.6572038Z gpg: Total number processed: 1
2022-11-24T03:43:13.6572701Z gpg:              unchanged: 1
2022-11-24T03:43:14.9952989Z gpg: key BF0792FBE95DC863: "fivepiece <flamingbutane@gmail.com>" not changed
2022-11-24T03:43:14.9953420Z gpg: Total number processed: 1
2022-11-24T03:43:14.9953719Z gpg:              unchanged: 1
2022-11-24T03:43:16.3413650Z gpg: key 3BDCDA2D87A881D9: "Fuzzbawls <fuzzbawls@fuzzbawls.pw>" not changed
2022-11-24T03:43:16.3415069Z gpg: Total number processed: 1
2022-11-24T03:43:16.3416743Z gpg:              unchanged: 1
2022-11-24T03:43:17.6794359Z gpg: key 7588242FBE38D3A8: "Gavin Andresen <gavinandresen@gmail.com>" not changed
2022-11-24T03:43:17.6795085Z gpg: Total number processed: 1
2022-11-24T03:43:17.6795930Z gpg:              unchanged: 1
2022-11-24T03:43:19.0170358Z gpg: key 8F617F1200A6D25C: "Gloria Zhao <gloriazhao@berkeley.edu>" not changed
2022-11-24T03:43:19.0171148Z gpg: Total number processed: 1
2022-11-24T03:43:19.0171595Z gpg:              unchanged: 1
2022-11-24T03:43:20.3536010Z gpg: key 410108112E7EA81F: "Hennadii Stepanov (GitHub key) <32963518+hebasto@users.noreply.github.com>" not changed
2022-11-24T03:43:20.3536540Z gpg: Total number processed: 1
2022-11-24T03:43:20.3538921Z gpg:              unchanged: 1
2022-11-24T03:43:21.7101506Z gpg: key 25F27A38A47AD566: "James O'Beirne <james.obeirne@pm.me>" not changed
2022-11-24T03:43:21.7102483Z gpg: Total number processed: 1
2022-11-24T03:43:21.7102901Z gpg:              unchanged: 1
2022-11-24T03:43:23.0484692Z gpg: key 2DA9C5A7FA81EA35: "Jarol Rodriguez <jarolrod@tutanota.com>" not changed
2022-11-24T03:43:23.0485850Z gpg: Total number processed: 1
2022-11-24T03:43:23.0486798Z gpg:              unchanged: 1
2022-11-24T03:43:24.3902444Z gpg: key 535B12980BB8A4D3: "Jeffri H Frontz <jeff.frontz@gmail.com>" not changed
2022-11-24T03:43:24.3903687Z gpg: Total number processed: 1
2022-11-24T03:43:24.3904632Z gpg:              unchanged: 1
2022-11-24T03:43:25.8321929Z gpg: key C5242A1AB3936517: "jl2012 <jl2012@xbt.hk>" not changed
2022-11-24T03:43:25.8322843Z gpg: Total number processed: 1
2022-11-24T03:43:25.8323674Z gpg:              unchanged: 1
2022-11-24T03:43:27.1770533Z gpg: key 796C4109063D4EAF: "Jon Atack <jon@atack.com>" not changed
2022-11-24T03:43:27.1771424Z gpg: Total number processed: 1
2022-11-24T03:43:27.1772355Z gpg:              unchanged: 1
2022-11-24T03:43:28.5246049Z gpg: key 29D4BCB6416F53EC: "Jonas Schnelli <dev@jonasschnelli.ch>" not changed
2022-11-24T03:43:28.5246486Z gpg: Total number processed: 1
2022-11-24T03:43:28.5246774Z gpg:              unchanged: 1
2022-11-24T03:43:29.8679336Z gpg: key 77DFAB5C3108B9A8: "Jorge Timon (offline) <jtimon@jtimon.cc>" not changed
2022-11-24T03:43:29.8681210Z gpg: Total number processed: 1
2022-11-24T03:43:29.8682291Z gpg:              unchanged: 1
2022-11-24T03:43:31.2106286Z gpg: key 57AF762DB3353322: "Karl-Johan Alm <karljohan-alm@garage.co.jp>" not changed
2022-11-24T03:43:31.2107162Z gpg: Total number processed: 1
2022-11-24T03:43:31.2107987Z gpg:              unchanged: 1
2022-11-24T03:43:32.5465606Z gpg: key 33E472FE870C7E5D: "kristapsk <kristapsk@noreply.github.com>" not changed
2022-11-24T03:43:32.5466032Z gpg: Total number processed: 1
2022-11-24T03:43:32.5466316Z gpg:              unchanged: 1
2022-11-24T03:43:33.8835307Z gpg: key BFF0F67810C1EED1: "Lisa Neigut <niftynei@gmail.com>" not changed
2022-11-24T03:43:33.8835732Z gpg: Total number processed: 1
2022-11-24T03:43:33.8836003Z gpg:              unchanged: 1
2022-11-24T03:43:35.5556698Z gpg: key BD02942421F4889F: "Luke Dashjr <luke@dashjr.org>" not changed
2022-11-24T03:43:35.5557104Z gpg: Total number processed: 1
2022-11-24T03:43:35.5557686Z gpg:              unchanged: 1
2022-11-24T03:43:37.1604379Z gpg: key 3648A882F4316B9B: "Marco Falke <marco.falke@tum.de>" not changed
2022-11-24T03:43:37.1604965Z gpg: Total number processed: 1
2022-11-24T03:43:37.1605555Z gpg:              unchanged: 1
2022-11-24T03:43:38.6205522Z gpg: key 89BBB8663E2E65CE: "Matt Corallo (BlueMatt) <matt@mattcorallo.com>" not changed
2022-11-24T03:43:38.6206568Z gpg: Total number processed: 1
2022-11-24T03:43:38.6207064Z gpg:              unchanged: 1
2022-11-24T03:43:39.9573665Z gpg: key D300116E1C875A3D: "MeshCollider <dobsonsa68@gmail.com>" not changed
2022-11-24T03:43:39.9574399Z gpg: Total number processed: 1
2022-11-24T03:43:39.9574796Z gpg:              unchanged: 1
2022-11-24T03:43:41.2962664Z gpg: key 944D35F9AC3DB76A: "Michael Ford (bitcoin-otc) <fanquake@gmail.com>" not changed
2022-11-24T03:43:41.2963784Z gpg: Total number processed: 1
2022-11-24T03:43:41.2964809Z gpg:              unchanged: 1
2022-11-24T03:43:42.6368945Z gpg: key 12335A271D4D62EC: "Michael Tidwell (miketwenty1) <tidwell@zebedee.io>" not changed
2022-11-24T03:43:42.6369780Z gpg: Total number processed: 1
2022-11-24T03:43:42.6370547Z gpg:              unchanged: 1
2022-11-24T03:43:43.9755302Z gpg: key 82C5C009628ECF0C: "Michagogo <Michagogo@users.noreply.github.com>" not changed
2022-11-24T03:43:43.9756234Z gpg: Total number processed: 1
2022-11-24T03:43:43.9758080Z gpg:              unchanged: 1
2022-11-24T03:43:45.3300278Z gpg: key 28DF2724F241D8EE: "midnightmagic" not changed
2022-11-24T03:43:45.3301119Z gpg: Total number processed: 1
2022-11-24T03:43:45.3302074Z gpg:              unchanged: 1
2022-11-24T03:43:46.7739399Z gpg: key 8E4256593F177720: "Oliver Gugger <gugger@gmail.com>" not changed
2022-11-24T03:43:46.7740130Z gpg: Total number processed: 1
2022-11-24T03:43:46.7740507Z gpg:              unchanged: 1
2022-11-24T03:43:48.1201013Z gpg: key BCD04D8E9CCCAC2A: "Paul Rabahy <PRabahy@gmail.com>" not changed
2022-11-24T03:43:48.1201995Z gpg: Total number processed: 1
2022-11-24T03:43:48.1202878Z gpg:              unchanged: 1
2022-11-24T03:43:49.5599143Z gpg: key 7FAB114267E4FA04: "Peter Todd <pete@petertodd.org>" not changed
2022-11-24T03:43:49.5600080Z gpg: Total number processed: 1
2022-11-24T03:43:49.5600902Z gpg:              unchanged: 1
2022-11-24T03:43:50.9027633Z gpg: key B9A408E71DAAC974: "Pieter Wuille (Location: Leuven, Belgium) <pieter.wuille@gmail.com>" not changed
2022-11-24T03:43:50.9028482Z gpg: Total number processed: 1
2022-11-24T03:43:50.9028954Z gpg:              unchanged: 1
2022-11-24T03:43:52.3417633Z gpg: key 860FEB804E669320: "Pieter Wuille <pieter@wuille.net>" not changed
2022-11-24T03:43:52.3418389Z gpg: Total number processed: 1
2022-11-24T03:43:52.3418666Z gpg:              unchanged: 1
2022-11-24T03:43:53.6780935Z gpg: key C2371D91CB716EA7: "Sebastian Falbesoner (theStack) <sebastian.falbesoner@gmail.com>" not changed
2022-11-24T03:43:53.6781391Z gpg: Total number processed: 1
2022-11-24T03:43:53.6781668Z gpg:              unchanged: 1
2022-11-24T03:43:55.0220651Z gpg: key 9303B33A305224CB: "Sebastian Kung (TheCharlatan) <seb.kung@gmail.com>" not changed
2022-11-24T03:43:55.0221217Z gpg: Total number processed: 1
2022-11-24T03:43:55.0221508Z gpg:              unchanged: 1
2022-11-24T03:43:56.3769196Z gpg: key 57FF9BDBCC301009: "Sjors Provoost <sjors@sprovoost.nl>" not changed
2022-11-24T03:43:56.3769893Z gpg: Total number processed: 1
2022-11-24T03:43:56.3770312Z gpg:              unchanged: 1
2022-11-24T03:43:57.7191129Z gpg: key B6737117397F5C4F: "Stephan Oeste <stephan@oeste.de>" not changed
2022-11-24T03:43:57.7194345Z gpg: Total number processed: 1
2022-11-24T03:43:57.7195014Z gpg:              unchanged: 1
2022-11-24T03:43:59.0627117Z gpg: key 2EBB056FD847F8A7: "Stephan Oeste (it) <it@oeste.de>" not changed
2022-11-24T03:43:59.0627960Z gpg: Total number processed: 1
2022-11-24T03:43:59.0628338Z gpg:              unchanged: 1
2022-11-24T03:44:00.3998839Z gpg: key 8C275BC595448867: "Tomas Kanocz <tomas.kanocz@cnl.sk>" not changed
2022-11-24T03:44:00.3999833Z gpg: Total number processed: 1
2022-11-24T03:44:00.4001182Z gpg:              unchanged: 1
2022-11-24T03:44:01.7439661Z gpg: key B1179EB7347DC10D: "Warren Togami (2013) <wtogami@gmail.com>" not changed
2022-11-24T03:44:01.7440367Z gpg: Total number processed: 1
2022-11-24T03:44:01.7440920Z gpg:              unchanged: 1
2022-11-24T03:44:03.0888113Z gpg: key 099BAD163C70FBFA: "Will Clark <will8clark@gmail.com>" not changed
2022-11-24T03:44:03.0888688Z gpg: Total number processed: 1
2022-11-24T03:44:03.0888973Z gpg:              unchanged: 1
2022-11-24T03:44:04.4266854Z gpg: key 8E3A8F3247DBCBBF: "Willy Ko <willyk@syscoin.org>" not changed
2022-11-24T03:44:04.4267742Z gpg: Total number processed: 1
2022-11-24T03:44:04.4268262Z gpg:              unchanged: 1
2022-11-24T03:44:05.8657144Z gpg: key 74810B012346C9A6: "Wladimir J. van der Laan <laanwj@protonmail.com>" not changed
2022-11-24T03:44:05.8657897Z gpg: Total number processed: 1
2022-11-24T03:44:05.8658352Z gpg:              unchanged: 1
2022-11-24T03:44:05.8699404Z gpg: sending key 188CBB2648416AD5 to hkp://keyserver.ubuntu.com
2022-11-24T03:44:06.3248114Z gpg: sending key 0A41BDC3F4FAFF1C to hkp://keyserver.ubuntu.com
2022-11-24T03:44:06.7767229Z gpg: sending key 4BB42E31C79111B8 to hkp://keyserver.ubuntu.com
2022-11-24T03:44:07.2333216Z gpg: sending key CA662BE18B877A60 to hkp://keyserver.ubuntu.com
2022-11-24T03:44:07.6935207Z gpg: sending key 17565732E08E5E41 to hkp://keyserver.ubuntu.com
2022-11-24T03:44:08.1566193Z gpg: sending key E13FC145CD3F4304 to hkp://keyserver.ubuntu.com
2022-11-24T03:44:08.6148869Z gpg: sending key D7CC770B81FD22A8 to hkp://keyserver.ubuntu.com
2022-11-24T03:44:09.0652538Z gpg: sending key D5566241A0295FA9 to hkp://keyserver.ubuntu.com
2022-11-24T03:44:09.5182239Z gpg: sending key 96AB007F1A7ED999 to hkp://keyserver.ubuntu.com
2022-11-24T03:44:09.9749827Z gpg: sending key F6430754120EC2F4 to hkp://keyserver.ubuntu.com
2022-11-24T03:44:10.4326631Z gpg: sending key 4B79F986CBDF8736 to hkp://keyserver.ubuntu.com
2022-11-24T03:44:10.8804970Z gpg: sending key A5E0907A0380E6C3 to hkp://keyserver.ubuntu.com
2022-11-24T03:44:11.3407228Z gpg: sending key FF95FAA971697405 to hkp://keyserver.ubuntu.com
2022-11-24T03:44:11.7886747Z gpg: sending key 1C2491FFEB0EF770 to hkp://keyserver.ubuntu.com
2022-11-24T03:44:12.2373196Z gpg: sending key 989F6B3048A116B5 to hkp://keyserver.ubuntu.com
2022-11-24T03:44:12.6926616Z gpg: sending key 43811D1A26623924 to hkp://keyserver.ubuntu.com
2022-11-24T03:44:13.1440801Z gpg: sending key C37B1C1D44C786EE to hkp://keyserver.ubuntu.com
2022-11-24T03:44:13.5958927Z gpg: sending key 7F81D87985D61612 to hkp://keyserver.ubuntu.com
2022-11-24T03:44:14.0484851Z gpg: sending key 2F40A9BF167FBA47 to hkp://keyserver.ubuntu.com
2022-11-24T03:44:14.5127362Z gpg: sending key BF0792FBE95DC863 to hkp://keyserver.ubuntu.com
2022-11-24T03:44:14.9600207Z gpg: sending key 3BDCDA2D87A881D9 to hkp://keyserver.ubuntu.com
2022-11-24T03:44:15.4210632Z gpg: sending key 7588242FBE38D3A8 to hkp://keyserver.ubuntu.com
2022-11-24T03:44:15.8888516Z gpg: sending key 8F617F1200A6D25C to hkp://keyserver.ubuntu.com
2022-11-24T03:44:16.3440899Z gpg: sending key 410108112E7EA81F to hkp://keyserver.ubuntu.com
2022-11-24T03:44:16.7990065Z gpg: sending key 25F27A38A47AD566 to hkp://keyserver.ubuntu.com
2022-11-24T03:44:17.2516589Z gpg: sending key 2DA9C5A7FA81EA35 to hkp://keyserver.ubuntu.com
2022-11-24T03:44:17.7029878Z gpg: sending key 535B12980BB8A4D3 to hkp://keyserver.ubuntu.com
2022-11-24T03:44:18.1631696Z gpg: sending key C5242A1AB3936517 to hkp://keyserver.ubuntu.com
2022-11-24T03:44:18.6190512Z gpg: sending key 796C4109063D4EAF to hkp://keyserver.ubuntu.com
2022-11-24T03:44:19.0753151Z gpg: sending key 29D4BCB6416F53EC to hkp://keyserver.ubuntu.com
2022-11-24T03:44:19.5405545Z gpg: sending key 77DFAB5C3108B9A8 to hkp://keyserver.ubuntu.com
2022-11-24T03:44:20.0047831Z gpg: sending key 57AF762DB3353322 to hkp://keyserver.ubuntu.com
2022-11-24T03:44:20.4567882Z gpg: sending key 33E472FE870C7E5D to hkp://keyserver.ubuntu.com
2022-11-24T03:44:20.9090474Z gpg: sending key BFF0F67810C1EED1 to hkp://keyserver.ubuntu.com
2022-11-24T03:44:21.3607192Z gpg: sending key BD02942421F4889F to hkp://keyserver.ubuntu.com
2022-11-24T03:44:21.9809508Z gpg: sending key 3648A882F4316B9B to hkp://keyserver.ubuntu.com
2022-11-24T03:44:22.4497297Z gpg: sending key 89BBB8663E2E65CE to hkp://keyserver.ubuntu.com
2022-11-24T03:44:22.9247269Z gpg: sending key D300116E1C875A3D to hkp://keyserver.ubuntu.com
2022-11-24T03:44:23.3752462Z gpg: sending key 944D35F9AC3DB76A to hkp://keyserver.ubuntu.com
2022-11-24T03:44:23.8316650Z gpg: sending key 12335A271D4D62EC to hkp://keyserver.ubuntu.com
2022-11-24T03:44:24.2886705Z gpg: sending key 82C5C009628ECF0C to hkp://keyserver.ubuntu.com
2022-11-24T03:44:24.7352195Z gpg: sending key 28DF2724F241D8EE to hkp://keyserver.ubuntu.com
2022-11-24T03:44:25.1879161Z gpg: sending key 8E4256593F177720 to hkp://keyserver.ubuntu.com
2022-11-24T03:44:25.6465120Z gpg: sending key BCD04D8E9CCCAC2A to hkp://keyserver.ubuntu.com
2022-11-24T03:44:26.1108475Z gpg: sending key 7FAB114267E4FA04 to hkp://keyserver.ubuntu.com
2022-11-24T03:44:26.7430514Z gpg: sending key B9A408E71DAAC974 to hkp://keyserver.ubuntu.com
2022-11-24T03:44:27.2337893Z gpg: sending key 860FEB804E669320 to hkp://keyserver.ubuntu.com
2022-11-24T03:44:27.7006593Z gpg: sending key C2371D91CB716EA7 to hkp://keyserver.ubuntu.com
2022-11-24T03:44:28.1515675Z gpg: sending key 9303B33A305224CB to hkp://keyserver.ubuntu.com
2022-11-24T03:44:28.6126709Z gpg: sending key 57FF9BDBCC301009 to hkp://keyserver.ubuntu.com
2022-11-24T03:44:29.0648410Z gpg: sending key B6737117397F5C4F to hkp://keyserver.ubuntu.com
2022-11-24T03:44:29.5224109Z gpg: sending key 2EBB056FD847F8A7 to hkp://keyserver.ubuntu.com
2022-11-24T03:44:29.9887414Z gpg: sending key 8C275BC595448867 to hkp://keyserver.ubuntu.com
2022-11-24T03:44:30.4406877Z gpg: sending key B1179EB7347DC10D to hkp://keyserver.ubuntu.com
2022-11-24T03:44:30.8967616Z gpg: sending key 099BAD163C70FBFA to hkp://keyserver.ubuntu.com
2022-11-24T03:44:31.3478422Z gpg: sending key 8E3A8F3247DBCBBF to hkp://keyserver.ubuntu.com
2022-11-24T03:44:31.8009326Z gpg: sending key 74810B012346C9A6 to hkp://keyserver.ubuntu.com
2022-11-24T03:44:32.2606911Z gpg: sending key 188CBB2648416AD5 to hkp://pgp.mit.edu
2022-11-24T03:44:35.0607362Z gpg: sending key 0A41BDC3F4FAFF1C to hkp://pgp.mit.edu
2022-11-24T03:44:35.5076790Z gpg: sending key 4BB42E31C79111B8 to hkp://pgp.mit.edu
2022-11-24T03:44:35.8292021Z gpg: sending key CA662BE18B877A60 to hkp://pgp.mit.edu
2022-11-24T03:44:36.1477642Z gpg: sending key 17565732E08E5E41 to hkp://pgp.mit.edu
2022-11-24T03:44:36.5773509Z gpg: sending key E13FC145CD3F4304 to hkp://pgp.mit.edu
2022-11-24T03:44:36.9687928Z gpg: sending key D7CC770B81FD22A8 to hkp://pgp.mit.edu
2022-11-24T03:44:37.2845622Z gpg: sending key D5566241A0295FA9 to hkp://pgp.mit.edu
2022-11-24T03:44:37.6764651Z gpg: sending key 96AB007F1A7ED999 to hkp://pgp.mit.edu
2022-11-24T03:44:38.0408321Z gpg: sending key F6430754120EC2F4 to hkp://pgp.mit.edu
2022-11-24T03:44:38.4366800Z gpg: sending key 4B79F986CBDF8736 to hkp://pgp.mit.edu
2022-11-24T03:44:38.7490199Z gpg: sending key A5E0907A0380E6C3 to hkp://pgp.mit.edu
2022-11-24T03:44:39.1149038Z gpg: sending key FF95FAA971697405 to hkp://pgp.mit.edu
2022-11-24T03:44:39.4223339Z gpg: sending key 1C2491FFEB0EF770 to hkp://pgp.mit.edu
2022-11-24T03:44:39.7391837Z gpg: sending key 989F6B3048A116B5 to hkp://pgp.mit.edu
2022-11-24T03:44:40.0543673Z gpg: sending key 43811D1A26623924 to hkp://pgp.mit.edu
2022-11-24T03:44:40.3692824Z gpg: sending key C37B1C1D44C786EE to hkp://pgp.mit.edu
2022-11-24T03:44:40.6864007Z gpg: sending key 7F81D87985D61612 to hkp://pgp.mit.edu
2022-11-24T03:44:40.9968297Z gpg: sending key 2F40A9BF167FBA47 to hkp://pgp.mit.edu
2022-11-24T03:44:41.4123222Z gpg: sending key BF0792FBE95DC863 to hkp://pgp.mit.edu
2022-11-24T03:44:41.7287422Z gpg: sending key 3BDCDA2D87A881D9 to hkp://pgp.mit.edu
2022-11-24T03:44:42.1519078Z gpg: sending key 7588242FBE38D3A8 to hkp://pgp.mit.edu
2022-11-24T03:44:42.4624793Z gpg: sending key 8F617F1200A6D25C to hkp://pgp.mit.edu
2022-11-24T03:44:42.7781516Z gpg: sending key 410108112E7EA81F to hkp://pgp.mit.edu
2022-11-24T03:44:43.0992999Z gpg: sending key 25F27A38A47AD566 to hkp://pgp.mit.edu
2022-11-24T03:44:43.4135515Z gpg: sending key 2DA9C5A7FA81EA35 to hkp://pgp.mit.edu
2022-11-24T03:44:43.7243820Z gpg: sending key 535B12980BB8A4D3 to hkp://pgp.mit.edu
2022-11-24T03:44:44.1950548Z gpg: sending key C5242A1AB3936517 to hkp://pgp.mit.edu
2022-11-24T03:44:44.6080717Z gpg: sending key 796C4109063D4EAF to hkp://pgp.mit.edu
2022-11-24T03:44:44.9290296Z gpg: sending key 29D4BCB6416F53EC to hkp://pgp.mit.edu
2022-11-24T03:44:45.2490081Z gpg: sending key 77DFAB5C3108B9A8 to hkp://pgp.mit.edu
2022-11-24T03:44:45.6570226Z gpg: sending key 57AF762DB3353322 to hkp://pgp.mit.edu
2022-11-24T03:44:45.9886685Z gpg: sending key 33E472FE870C7E5D to hkp://pgp.mit.edu
2022-11-24T03:44:46.3127590Z gpg: sending key BFF0F67810C1EED1 to hkp://pgp.mit.edu
2022-11-24T03:44:46.6169757Z gpg: sending key BD02942421F4889F to hkp://pgp.mit.edu
2022-11-24T03:44:47.0508396Z gpg: sending key 3648A882F4316B9B to hkp://pgp.mit.edu
2022-11-24T03:44:47.4669231Z gpg: sending key 89BBB8663E2E65CE to hkp://pgp.mit.edu
2022-11-24T03:44:47.8979677Z gpg: sending key D300116E1C875A3D to hkp://pgp.mit.edu
2022-11-24T03:44:48.2124281Z gpg: sending key 944D35F9AC3DB76A to hkp://pgp.mit.edu
2022-11-24T03:44:48.5277497Z gpg: sending key 12335A271D4D62EC to hkp://pgp.mit.edu
2022-11-24T03:44:48.8366273Z gpg: sending key 82C5C009628ECF0C to hkp://pgp.mit.edu
2022-11-24T03:44:49.1525544Z gpg: sending key 28DF2724F241D8EE to hkp://pgp.mit.edu
2022-11-24T03:44:49.4673675Z gpg: sending key 8E4256593F177720 to hkp://pgp.mit.edu
2022-11-24T03:44:49.8853033Z gpg: sending key BCD04D8E9CCCAC2A to hkp://pgp.mit.edu
2022-11-24T03:44:50.2040298Z gpg: sending key 7FAB114267E4FA04 to hkp://pgp.mit.edu
2022-11-24T03:44:50.6354035Z gpg: sending key B9A408E71DAAC974 to hkp://pgp.mit.edu
2022-11-24T03:44:51.0635438Z gpg: sending key 860FEB804E669320 to hkp://pgp.mit.edu
2022-11-24T03:44:51.4880744Z gpg: sending key C2371D91CB716EA7 to hkp://pgp.mit.edu
2022-11-24T03:44:51.8069624Z gpg: sending key 9303B33A305224CB to hkp://pgp.mit.edu
2022-11-24T03:44:52.1199408Z gpg: sending key 57FF9BDBCC301009 to hkp://pgp.mit.edu
2022-11-24T03:44:52.4378593Z gpg: sending key B6737117397F5C4F to hkp://pgp.mit.edu
2022-11-24T03:44:52.7603557Z gpg: sending key 2EBB056FD847F8A7 to hkp://pgp.mit.edu
2022-11-24T03:44:53.0791004Z gpg: sending key 8C275BC595448867 to hkp://pgp.mit.edu
2022-11-24T03:44:53.3884461Z gpg: sending key B1179EB7347DC10D to hkp://pgp.mit.edu
2022-11-24T03:44:53.7004818Z gpg: sending key 099BAD163C70FBFA to hkp://pgp.mit.edu
2022-11-24T03:44:54.0161820Z gpg: sending key 8E3A8F3247DBCBBF to hkp://pgp.mit.edu
2022-11-24T03:44:54.3281034Z gpg: sending key 74810B012346C9A6 to hkp://pgp.mit.edu